"../../../../../../Users/Johng/OneDrive/Desktop/DigiPen/Senior/Fall/GAT316/NeonPainter/Content/FirstPerson/Meshes/BaseMaterial.uasset" 0
"../../../../../../Users/Johng/OneDrive/Desktop/DigiPen/Senior/Fall/GAT316/NeonPainter/Content/FirstPerson/Meshes/CubeMaterialOverride.uasset" 1
"../../../../../../Users/Johng/OneDrive/Desktop/DigiPen/Senior/Fall/GAT316/NeonPainter/Content/Geometry/Meshes/CubeMaterial.uasset" 2
"../../../../../../Users/Johng/OneDrive/Desktop/DigiPen/Senior/Fall/GAT316/NeonPainter/Content/Geometry/Meshes/1M_Cube.uasset" 3
"../../../../../../Users/Johng/OneDrive/Desktop/DigiPen/Senior/Fall/GAT316/NeonPainter/Content/Archetypes/PaintCube.uasset" 4
"../../../../../../Users/Johng/OneDrive/Desktop/DigiPen/Senior/Fall/GAT316/NeonPainter/Content/Audio/Soundtrack/Atmosphere_Synth_1.uasset" 5
"../../../../../../Users/Johng/OneDrive/Desktop/DigiPen/Senior/Fall/GAT316/NeonPainter/Content/Audio/Soundtrack/Atmosphere_Synth_2.uasset" 6
"../../../../../../Users/Johng/OneDrive/Desktop/DigiPen/Senior/Fall/GAT316/NeonPainter/Content/Audio/Soundtrack/Atmosphere_Synth_3.uasset" 7
"../../../../../../Users/Johng/OneDrive/Desktop/DigiPen/Senior/Fall/GAT316/NeonPainter/Content/Audio/Soundtrack/Atmosphere_Synth_4.uasset" 8
"../../../../../../Users/Johng/OneDrive/Desktop/DigiPen/Senior/Fall/GAT316/NeonPainter/Content/Audio/Soundtrack/Atmosphere_Synth_Cue.uasset" 9
"../../../../../../Users/Johng/OneDrive/Desktop/DigiPen/Senior/Fall/GAT316/NeonPainter/Content/Audio/Soundtrack/Bass_1.uasset" 10
"../../../../../../Users/Johng/OneDrive/Desktop/DigiPen/Senior/Fall/GAT316/NeonPainter/Content/Audio/Soundtrack/Bass_2.uasset" 11
"../../../../../../Users/Johng/OneDrive/Desktop/DigiPen/Senior/Fall/GAT316/NeonPainter/Content/Audio/Soundtrack/Bass_Cue.uasset" 12
"../../../../../../Users/Johng/OneDrive/Desktop/DigiPen/Senior/Fall/GAT316/NeonPainter/Content/Audio/Soundtrack/Break_1.uasset" 13
"../../../../../../Users/Johng/OneDrive/Desktop/DigiPen/Senior/Fall/GAT316/NeonPainter/Content/Audio/Soundtrack/Break_4.uasset" 14
"../../../../../../Users/Johng/OneDrive/Desktop/DigiPen/Senior/Fall/GAT316/NeonPainter/Content/Audio/Soundtrack/Break_5.uasset" 15
"../../../../../../Users/Johng/OneDrive/Desktop/DigiPen/Senior/Fall/GAT316/NeonPainter/Content/Audio/Soundtrack/Break_2.uasset" 16
"../../../../../../Users/Johng/OneDrive/Desktop/DigiPen/Senior/Fall/GAT316/NeonPainter/Content/Audio/Soundtrack/Break_3.uasset" 17
"../../../../../../Users/Johng/OneDrive/Desktop/DigiPen/Senior/Fall/GAT316/NeonPainter/Content/Audio/Soundtrack/Break_Cue.uasset" 18
"../../../../../../Users/Johng/OneDrive/Desktop/DigiPen/Senior/Fall/GAT316/NeonPainter/Content/Audio/Soundtrack/Deep_Chord_1.uasset" 19
"../../../../../../Users/Johng/OneDrive/Desktop/DigiPen/Senior/Fall/GAT316/NeonPainter/Content/Audio/Soundtrack/Deep_Chord_2.uasset" 20
"../../../../../../Users/Johng/OneDrive/Desktop/DigiPen/Senior/Fall/GAT316/NeonPainter/Content/Audio/Soundtrack/Deep_Chord_3.uasset" 21
"../../../../../../Users/Johng/OneDrive/Desktop/DigiPen/Senior/Fall/GAT316/NeonPainter/Content/Audio/Soundtrack/Deep_Chord_Cue.uasset" 22
"../../../../../../Users/Johng/OneDrive/Desktop/DigiPen/Senior/Fall/GAT316/NeonPainter/Content/Audio/Soundtrack/Guitar.uasset" 23
"../../../../../../Users/Johng/OneDrive/Desktop/DigiPen/Senior/Fall/GAT316/NeonPainter/Content/Audio/Soundtrack/Guitar_Cue.uasset" 24
"../../../../../../Users/Johng/OneDrive/Desktop/DigiPen/Senior/Fall/GAT316/NeonPainter/Content/Audio/Soundtrack/Old_School_Organ.uasset" 25
"../../../../../../Users/Johng/OneDrive/Desktop/DigiPen/Senior/Fall/GAT316/NeonPainter/Content/Audio/Soundtrack/Old_School_Organ_Cue.uasset" 26
"../../../../../../Users/Johng/OneDrive/Desktop/DigiPen/Senior/Fall/GAT316/NeonPainter/Content/Cinematics/MainMenuSequence.uasset" 27
"../../../../../../Users/Johng/OneDrive/Desktop/DigiPen/Senior/Fall/GAT316/NeonPainter/Content/FirstPerson/Audio/FirstPersonTemplateWeaponFire02.uasset" 28
"../../../../../../Users/Johng/OneDrive/Desktop/DigiPen/Senior/Fall/GAT316/NeonPainter/Content/FirstPerson/Character/Textures/UE4_LOGO_CARD.uasset" 29
"../../../../../../Users/Johng/OneDrive/Desktop/DigiPen/Senior/Fall/GAT316/NeonPainter/Content/FirstPerson/FPWeapon/Materials/MaterialLayers/ML_Plastic_Shiny_Beige_LOGO.uasset" 30
"../../../../../../Users/Johng/OneDrive/Desktop/DigiPen/Senior/Fall/GAT316/NeonPainter/Content/FirstPerson/FPWeapon/Materials/MaterialLayers/T_ML_FineRubber.uasset" 31
"../../../../../../Users/Johng/OneDrive/Desktop/DigiPen/Senior/Fall/GAT316/NeonPainter/Content/FirstPerson/FPWeapon/Mesh/SK_FPGun_PhysicsAsset.uasset" 32
"../../../../../../Users/Johng/OneDrive/Desktop/DigiPen/Senior/Fall/GAT316/NeonPainter/Content/FirstPerson/Character/Mesh/SK_Mannequin_Arms_Skeleton.uasset" 33
"../../../../../../Users/Johng/OneDrive/Desktop/DigiPen/Senior/Fall/GAT316/NeonPainter/Content/FirstPerson/Animations/FirstPerson_Idle.uasset" 34
"../../../../../../Users/Johng/OneDrive/Desktop/DigiPen/Senior/Fall/GAT316/NeonPainter/Content/FirstPerson/Animations/FirstPerson_JumpEnd.uasset" 35
"../../../../../../Users/Johng/OneDrive/Desktop/DigiPen/Senior/Fall/GAT316/NeonPainter/Content/FirstPerson/Animations/FirstPerson_JumpLoop.uasset" 36
"../../../../../../Users/Johng/OneDrive/Desktop/DigiPen/Senior/Fall/GAT316/NeonPainter/Content/FirstPerson/Animations/FirstPerson_JumpStart.uasset" 37
"../../../../../../Users/Johng/OneDrive/Desktop/DigiPen/Senior/Fall/GAT316/NeonPainter/Content/FirstPerson/Animations/FirstPerson_Run.uasset" 38
"../../../Engine/Content/EditorBlueprintResources/StandardMacros.uasset" 39
"../../../../../../Users/Johng/OneDrive/Desktop/DigiPen/Senior/Fall/GAT316/NeonPainter/Content/FirstPerson/Animations/FirstPerson_AnimBP.uasset" 40
"../../../../../../Users/Johng/OneDrive/Desktop/DigiPen/Senior/Fall/GAT316/NeonPainter/Content/FirstPerson/Animations/FirstPerson_Fire.uasset" 41
"../../../../../../Users/Johng/OneDrive/Desktop/DigiPen/Senior/Fall/GAT316/NeonPainter/Content/FirstPerson/Animations/FirstPersonFire_Montage.uasset" 42
"../../../Engine/Content/Functions/Engine_MaterialFunctions02/ObjectLocalBounds.uasset" 43
"../../../Engine/Content/Functions/Engine_MaterialFunctions02/Utility/BreakOutFloat3Components.uasset" 44
"../../../Engine/Content/Functions/Engine_MaterialFunctions02/UVs/BoundingBoxBased_0-1_UVW.uasset" 45
"../../../../../../Users/Johng/OneDrive/Desktop/DigiPen/Senior/Fall/GAT316/NeonPainter/Content/Material/MF_Dissolve.uasset" 46
"../../../../../../Users/Johng/OneDrive/Desktop/DigiPen/Senior/Fall/GAT316/NeonPainter/Content/Material/Pixel.uasset" 47
"../../../../../../Users/Johng/OneDrive/Desktop/DigiPen/Senior/Fall/GAT316/NeonPainter/Content/Material/M_Tron.uasset" 48
"../../../../../../Users/Johng/OneDrive/Desktop/DigiPen/Senior/Fall/GAT316/NeonPainter/Content/Material/SignMat.uasset" 49
"../../../../../../Users/Johng/OneDrive/Desktop/DigiPen/Senior/Fall/GAT316/NeonPainter/Content/Audio/Finishexplosion.uasset" 50
"../../../../../../Users/Johng/OneDrive/Desktop/DigiPen/Senior/Fall/GAT316/NeonPainter/Content/Audio/Finishexplosion_Cue.uasset" 51
"../../../../../../Users/Johng/OneDrive/Desktop/DigiPen/Senior/Fall/GAT316/NeonPainter/Content/Audio/HitSign.uasset" 52
"../../../../../../Users/Johng/OneDrive/Desktop/DigiPen/Senior/Fall/GAT316/NeonPainter/Content/Audio/HitSign_Cue.uasset" 53
"../../../../../../Users/Johng/OneDrive/Desktop/DigiPen/Senior/Fall/GAT316/NeonPainter/Content/Geometry/Meshes/lambert1.uasset" 54
"../../../../../../Users/Johng/OneDrive/Desktop/DigiPen/Senior/Fall/GAT316/NeonPainter/Content/Geometry/Meshes/Sign.uasset" 55
"../../../../../../Users/Johng/OneDrive/Desktop/DigiPen/Senior/Fall/GAT316/NeonPainter/Content/HUD/good_times_rg.uasset" 56
"../../../../../../Users/Johng/OneDrive/Desktop/DigiPen/Senior/Fall/GAT316/NeonPainter/Content/HUD/good_times_rg_Font.uasset" 57
"../../../../../../Users/Johng/OneDrive/Desktop/DigiPen/Senior/Fall/GAT316/NeonPainter/Content/HUD/Lazer84.uasset" 58
"../../../../../../Users/Johng/OneDrive/Desktop/DigiPen/Senior/Fall/GAT316/NeonPainter/Content/HUD/Lazer84_Font.uasset" 59
"../../../../../../Users/Johng/OneDrive/Desktop/DigiPen/Senior/Fall/GAT316/NeonPainter/Content/HUD/ScrollingText.uasset" 60
"../../../../../../Users/Johng/OneDrive/Desktop/DigiPen/Senior/Fall/GAT316/NeonPainter/Content/Audio/Start.uasset" 61
"../../../../../../Users/Johng/OneDrive/Desktop/DigiPen/Senior/Fall/GAT316/NeonPainter/Content/Audio/Start_Cue.uasset" 62
"../../../../../../Users/Johng/OneDrive/Desktop/DigiPen/Senior/Fall/GAT316/NeonPainter/Content/HUD/Leaderboard/LeaderboardItem_Struct.uasset" 63
"../../../../../../Users/Johng/OneDrive/Desktop/DigiPen/Senior/Fall/GAT316/NeonPainter/Content/Archetypes/SaveData.uasset" 64
"../../../../../../Users/Johng/OneDrive/Desktop/DigiPen/Senior/Fall/GAT316/NeonPainter/Content/Archetypes/NeonPainterGM.uasset" 65
"../../../../../../Users/Johng/OneDrive/Desktop/DigiPen/Senior/Fall/GAT316/NeonPainter/Content/HUD/Leaderboard/LeaderboardItem.uasset" 66
"../../../../../../Users/Johng/OneDrive/Desktop/DigiPen/Senior/Fall/GAT316/NeonPainter/Content/HUD/Leaderboard/Leaderboard.uasset" 67
"../../../../../../Users/Johng/OneDrive/Desktop/DigiPen/Senior/Fall/GAT316/NeonPainter/Content/HUD/WinScreen.uasset" 68
"../../../../../../Users/Johng/OneDrive/Desktop/DigiPen/Senior/Fall/GAT316/NeonPainter/Content/HUD/HUD.uasset" 69
"../../../../../../Users/Johng/OneDrive/Desktop/DigiPen/Senior/Fall/GAT316/NeonPainter/Content/HUD/SignText.uasset" 70
"../../../../../../Users/Johng/OneDrive/Desktop/DigiPen/Senior/Fall/GAT316/NeonPainter/Content/Material/SignTextures/bigsoda.uasset" 71
"../../../../../../Users/Johng/OneDrive/Desktop/DigiPen/Senior/Fall/GAT316/NeonPainter/Content/Material/SignTextures/BUY_N_BIG.uasset" 72
"../../../../../../Users/Johng/OneDrive/Desktop/DigiPen/Senior/Fall/GAT316/NeonPainter/Content/Material/SignTextures/BuyStuff.uasset" 73
"../../../../../../Users/Johng/OneDrive/Desktop/DigiPen/Senior/Fall/GAT316/NeonPainter/Content/Material/SignTextures/EatFood.uasset" 74
"../../../../../../Users/Johng/OneDrive/Desktop/DigiPen/Senior/Fall/GAT316/NeonPainter/Content/Material/SignTextures/PYRAMID_SYSTEMS.uasset" 75
"../../../../../../Users/Johng/OneDrive/Desktop/DigiPen/Senior/Fall/GAT316/NeonPainter/Content/Material/SignTextures/REDBIT.uasset" 76
"../../../../../../Users/Johng/OneDrive/Desktop/DigiPen/Senior/Fall/GAT316/NeonPainter/Content/Material/SignTextures/spideraido.uasset" 77
"../../../../../../Users/Johng/OneDrive/Desktop/DigiPen/Senior/Fall/GAT316/NeonPainter/Content/Material/M_ParticleFloor.uasset" 78
"../../../../../../Users/Johng/OneDrive/Desktop/DigiPen/Senior/Fall/GAT316/NeonPainter/Content/Particles/P_SignBurst.uasset" 79
"../../../../../../Users/Johng/OneDrive/Desktop/DigiPen/Senior/Fall/GAT316/NeonPainter/Content/Archetypes/Sign.uasset" 80
"../../../../../../Users/Johng/OneDrive/Desktop/DigiPen/Senior/Fall/GAT316/NeonPainter/Content/Material/M_SquareParticleTeleport.uasset" 81
"../../../../../../Users/Johng/OneDrive/Desktop/DigiPen/Senior/Fall/GAT316/NeonPainter/Content/Material/P_MMInTeleport.uasset" 82
"../../../../../../Users/Johng/OneDrive/Desktop/DigiPen/Senior/Fall/GAT316/NeonPainter/Content/Archetypes/NeonPainterInstance.uasset" 83
"../../../../../../Users/Johng/OneDrive/Desktop/DigiPen/Senior/Fall/GAT316/NeonPainter/Content/Audio/DeathSound.uasset" 84
"../../../../../../Users/Johng/OneDrive/Desktop/DigiPen/Senior/Fall/GAT316/NeonPainter/Content/Audio/DeathSound_Cue.uasset" 85
"../../../../../../Users/Johng/OneDrive/Desktop/DigiPen/Senior/Fall/GAT316/NeonPainter/Content/HUD/PlayerDied.uasset" 86
"../../../../../../Users/Johng/OneDrive/Desktop/DigiPen/Senior/Fall/GAT316/NeonPainter/Content/Archetypes/Checkpoint.uasset" 87
"../../../../../../Users/Johng/OneDrive/Desktop/DigiPen/Senior/Fall/GAT316/NeonPainter/Content/Bouncy.uasset" 88
"../../../../../../Users/Johng/OneDrive/Desktop/DigiPen/Senior/Fall/GAT316/NeonPainter/Content/Material/M_BallTrail.uasset" 89
"../../../../../../Users/Johng/OneDrive/Desktop/DigiPen/Senior/Fall/GAT316/NeonPainter/Content/StarterContent/Textures/T_Water_N.uasset" 90
"../../../../../../Users/Johng/OneDrive/Desktop/DigiPen/Senior/Fall/GAT316/NeonPainter/Content/Material/M_PaintballBlock.uasset" 91
"../../../Engine/Content/EngineMaterials/DefaultDiffuse.uasset" 92
"../../../Engine/Content/Functions/Engine_MaterialFunctions03/Texturing/SubUV_Function.uasset" 93
"../../../../../../Users/Johng/OneDrive/Desktop/DigiPen/Senior/Fall/GAT316/NeonPainter/Content/Material/ColorPaint.uasset" 94
"../../../../../../Users/Johng/OneDrive/Desktop/DigiPen/Senior/Fall/GAT316/NeonPainter/Content/Material/M_PaintballDecal.uasset" 95
"../../../../../../Users/Johng/OneDrive/Desktop/DigiPen/Senior/Fall/GAT316/NeonPainter/Content/Audio/Impact.uasset" 96
"../../../../../../Users/Johng/OneDrive/Desktop/DigiPen/Senior/Fall/GAT316/NeonPainter/Content/Audio/Impact_Cue.uasset" 97
"../../../../../../Users/Johng/OneDrive/Desktop/DigiPen/Senior/Fall/GAT316/NeonPainter/Content/FirstPerson/Meshes/FirstPersonProjectileMaterial.uasset" 98
"../../../../../../Users/Johng/OneDrive/Desktop/DigiPen/Senior/Fall/GAT316/NeonPainter/Content/FirstPerson/Meshes/FirstPersonProjectileMesh.uasset" 99
"../../../../../../Users/Johng/OneDrive/Desktop/DigiPen/Senior/Fall/GAT316/NeonPainter/Content/Particles/P_BallTrail.uasset" 100
"../../../../../../Users/Johng/OneDrive/Desktop/DigiPen/Senior/Fall/GAT316/NeonPainter/Content/FirstPersonBP/Blueprints/FirstPersonProjectile.uasset" 101
"../../../../../../Users/Johng/OneDrive/Desktop/DigiPen/Senior/Fall/GAT316/NeonPainter/Content/DigiPen_RED_1024px.uasset" 102
"../../../../../../Users/Johng/OneDrive/Desktop/DigiPen/Senior/Fall/GAT316/NeonPainter/Content/HUD/LevelImages/Level1Img.uasset" 103
"../../../../../../Users/Johng/OneDrive/Desktop/DigiPen/Senior/Fall/GAT316/NeonPainter/Content/HUD/LevelImages/Level2Img.uasset" 104
"../../../../../../Users/Johng/OneDrive/Desktop/DigiPen/Senior/Fall/GAT316/NeonPainter/Content/HUD/LevelImages/Level3Img.uasset" 105
"../../../../../../Users/Johng/OneDrive/Desktop/DigiPen/Senior/Fall/GAT316/NeonPainter/Content/HUD/MainMenu.uasset" 106
"../../../../../../Users/Johng/OneDrive/Desktop/DigiPen/Senior/Fall/GAT316/NeonPainter/Content/Audio/Boost.uasset" 107
"../../../../../../Users/Johng/OneDrive/Desktop/DigiPen/Senior/Fall/GAT316/NeonPainter/Content/Audio/Boost_Cue.uasset" 108
"../../../../../../Users/Johng/OneDrive/Desktop/DigiPen/Senior/Fall/GAT316/NeonPainter/Content/Audio/270536__littlerobotsoundfactory__laser-09.uasset" 109
"../../../../../../Users/Johng/OneDrive/Desktop/DigiPen/Senior/Fall/GAT316/NeonPainter/Content/Audio/FireSound_Cue.uasset" 110
"../../../../../../Users/Johng/OneDrive/Desktop/DigiPen/Senior/Fall/GAT316/NeonPainter/Content/Audio/Jump.uasset" 111
"../../../../../../Users/Johng/OneDrive/Desktop/DigiPen/Senior/Fall/GAT316/NeonPainter/Content/Audio/Jump_Cue.uasset" 112
"../../../../../../Users/Johng/OneDrive/Desktop/DigiPen/Senior/Fall/GAT316/NeonPainter/Content/Audio/Soundtrack/Atmosphere_Pad_2.uasset" 113
"../../../../../../Users/Johng/OneDrive/Desktop/DigiPen/Senior/Fall/GAT316/NeonPainter/Content/Audio/Soundtrack/Atmosphere_Pad_Cue.uasset" 114
"../../../Engine/Content/Functions/Engine_MaterialFunctions02/Utility/BlendAngleCorrectedNormals.uasset" 115
"../../../Engine/Content/Functions/MaterialLayerFunctions/MatLayerBlend_NormalBlend.uasset" 116
"../../../Engine/Content/Functions/MaterialLayerFunctions/MatLayerBlend_Simple.uasset" 117
"../../../../../../Users/Johng/OneDrive/Desktop/DigiPen/Senior/Fall/GAT316/NeonPainter/Content/FirstPerson/Character/Materials/MaterialLayers/T_ML_Rubber_Blue_01_D.uasset" 118
"../../../../../../Users/Johng/OneDrive/Desktop/DigiPen/Senior/Fall/GAT316/NeonPainter/Content/FirstPerson/Character/Materials/MaterialLayers/T_ML_Rubber_Blue_01_N.uasset" 119
"../../../../../../Users/Johng/OneDrive/Desktop/DigiPen/Senior/Fall/GAT316/NeonPainter/Content/FirstPerson/Character/Materials/MaterialLayers/ML_GlossyBlack_Latex_UE4.uasset" 120
"../../../../../../Users/Johng/OneDrive/Desktop/DigiPen/Senior/Fall/GAT316/NeonPainter/Content/FirstPerson/Character/Materials/MaterialLayers/ML_Plastic_Shiny_Beige.uasset" 121
"../../../../../../Users/Johng/OneDrive/Desktop/DigiPen/Senior/Fall/GAT316/NeonPainter/Content/FirstPerson/Character/Materials/MaterialLayers/ML_Plastic_Shiny_Beige_LOGO.uasset" 122
"../../../../../../Users/Johng/OneDrive/Desktop/DigiPen/Senior/Fall/GAT316/NeonPainter/Content/FirstPerson/Character/Materials/MaterialLayers/T_ML_Aluminum01.uasset" 123
"../../../../../../Users/Johng/OneDrive/Desktop/DigiPen/Senior/Fall/GAT316/NeonPainter/Content/FirstPerson/Character/Materials/MaterialLayers/T_ML_Aluminum01_N.uasset" 124
"../../../../../../Users/Johng/OneDrive/Desktop/DigiPen/Senior/Fall/GAT316/NeonPainter/Content/FirstPerson/Character/Materials/MaterialLayers/ML_SoftMetal_UE4.uasset" 125
"../../../../../../Users/Johng/OneDrive/Desktop/DigiPen/Senior/Fall/GAT316/NeonPainter/Content/FirstPerson/Character/Textures/UE4_Mannequin__normals.uasset" 126
"../../../../../../Users/Johng/OneDrive/Desktop/DigiPen/Senior/Fall/GAT316/NeonPainter/Content/FirstPerson/Character/Textures/UE4_Mannequin_MAT_MASKA.uasset" 127
"../../../../../../Users/Johng/OneDrive/Desktop/DigiPen/Senior/Fall/GAT316/NeonPainter/Content/FirstPerson/Character/Materials/M_UE4Man_Body.uasset" 128
"../../../../../../Users/Johng/OneDrive/Desktop/DigiPen/Senior/Fall/GAT316/NeonPainter/Content/FirstPerson/Character/Mesh/SK_Mannequin_Arms_PhysicsAsset.uasset" 129
"../../../../../../Users/Johng/OneDrive/Desktop/DigiPen/Senior/Fall/GAT316/NeonPainter/Content/FirstPerson/Character/Mesh/SK_Mannequin_Arms.uasset" 130
"../../../../../../Users/Johng/OneDrive/Desktop/DigiPen/Senior/Fall/GAT316/NeonPainter/Content/FirstPerson/FPWeapon/Materials/MaterialLayers/T_ML_Rubber_Blue_01_D.uasset" 131
"../../../../../../Users/Johng/OneDrive/Desktop/DigiPen/Senior/Fall/GAT316/NeonPainter/Content/FirstPerson/FPWeapon/Materials/MaterialLayers/T_ML_Rubber_Blue_01_N.uasset" 132
"../../../../../../Users/Johng/OneDrive/Desktop/DigiPen/Senior/Fall/GAT316/NeonPainter/Content/FirstPerson/FPWeapon/Materials/MaterialLayers/ML_GlossyBlack_Latex_UE4.uasset" 133
"../../../../../../Users/Johng/OneDrive/Desktop/DigiPen/Senior/Fall/GAT316/NeonPainter/Content/FirstPerson/FPWeapon/Materials/MaterialLayers/ML_Plastic_Shiny_Beige.uasset" 134
"../../../../../../Users/Johng/OneDrive/Desktop/DigiPen/Senior/Fall/GAT316/NeonPainter/Content/FirstPerson/FPWeapon/Materials/MaterialLayers/ML_Screen.uasset" 135
"../../../../../../Users/Johng/OneDrive/Desktop/DigiPen/Senior/Fall/GAT316/NeonPainter/Content/FirstPerson/FPWeapon/Materials/MaterialLayers/T_ML_Aluminum01.uasset" 136
"../../../../../../Users/Johng/OneDrive/Desktop/DigiPen/Senior/Fall/GAT316/NeonPainter/Content/FirstPerson/FPWeapon/Materials/MaterialLayers/T_ML_Aluminum01_N.uasset" 137
"../../../../../../Users/Johng/OneDrive/Desktop/DigiPen/Senior/Fall/GAT316/NeonPainter/Content/FirstPerson/FPWeapon/Materials/MaterialLayers/ML_SoftMetal_UE4.uasset" 138
"../../../../../../Users/Johng/OneDrive/Desktop/DigiPen/Senior/Fall/GAT316/NeonPainter/Content/FirstPerson/FPWeapon/Textures/T_FPGun_M.uasset" 139
"../../../../../../Users/Johng/OneDrive/Desktop/DigiPen/Senior/Fall/GAT316/NeonPainter/Content/FirstPerson/FPWeapon/Textures/T_FPGun_N.uasset" 140
"../../../../../../Users/Johng/OneDrive/Desktop/DigiPen/Senior/Fall/GAT316/NeonPainter/Content/FirstPerson/FPWeapon/Materials/M_FPGun.uasset" 141
"../../../../../../Users/Johng/OneDrive/Desktop/DigiPen/Senior/Fall/GAT316/NeonPainter/Content/FirstPerson/FPWeapon/Mesh/SK_FPGun_Skeleton.uasset" 142
"../../../../../../Users/Johng/OneDrive/Desktop/DigiPen/Senior/Fall/GAT316/NeonPainter/Content/FirstPerson/FPWeapon/Mesh/SK_FPGun.uasset" 143
"../../../../../../Users/Johng/OneDrive/Desktop/DigiPen/Senior/Fall/GAT316/NeonPainter/Content/Archetypes/TutorialCheckpoint.uasset" 144
"../../../../../../Users/Johng/OneDrive/Desktop/DigiPen/Senior/Fall/GAT316/NeonPainter/Content/HUD/TutorialHUD.uasset" 145
"../../../../../../Users/Johng/OneDrive/Desktop/DigiPen/Senior/Fall/GAT316/NeonPainter/Content/Material/P_MMOutTeleport.uasset" 146
"../../../../../../Users/Johng/OneDrive/Desktop/DigiPen/Senior/Fall/GAT316/NeonPainter/Content/FirstPersonBP/Blueprints/FirstPersonCharacter.uasset" 147
"../../../../../../Users/Johng/OneDrive/Desktop/DigiPen/Senior/Fall/GAT316/NeonPainter/Content/FirstPersonBP/Blueprints/FirstPersonGameMode.uasset" 148
"../../../../../../Users/Johng/OneDrive/Desktop/DigiPen/Senior/Fall/GAT316/NeonPainter/Content/FirstPerson/Textures/FirstPersonCrosshair.uasset" 149
"../../../../../../Users/Johng/OneDrive/Desktop/DigiPen/Senior/Fall/GAT316/NeonPainter/Content/FirstPersonBP/Blueprints/FirstPersonHUD.uasset" 150
"../../../../../../Users/Johng/OneDrive/Desktop/DigiPen/Senior/Fall/GAT316/NeonPainter/Content/FirstPersonBP/Blueprints/lambert1.uasset" 151
"../../../../../../Users/Johng/OneDrive/Desktop/DigiPen/Senior/Fall/GAT316/NeonPainter/Content/FirstPersonBP/Blueprints/GunModel_PhysicsAsset.uasset" 152
"../../../../../../Users/Johng/OneDrive/Desktop/DigiPen/Senior/Fall/GAT316/NeonPainter/Content/FirstPersonBP/Blueprints/GunModel_Skeleton.uasset" 153
"../../../../../../Users/Johng/OneDrive/Desktop/DigiPen/Senior/Fall/GAT316/NeonPainter/Content/FirstPersonBP/Blueprints/GunModel.uasset" 154
"../../../../../../Users/Johng/OneDrive/Desktop/DigiPen/Senior/Fall/GAT316/NeonPainter/Content/Geometry/Meshes/1M_Cube_Chamfer.uasset" 155
"../../../../../../Users/Johng/OneDrive/Desktop/DigiPen/Senior/Fall/GAT316/NeonPainter/Content/Geometry/Meshes/TemplateFloor.uasset" 156
"../../../../../../Users/Johng/OneDrive/Desktop/DigiPen/Senior/Fall/GAT316/NeonPainter/Content/HUD/Boost.uasset" 157
"../../../../../../Users/Johng/OneDrive/Desktop/DigiPen/Senior/Fall/GAT316/NeonPainter/Content/HUD/LevelImages/Level1.uasset" 158
"../../../../../../Users/Johng/OneDrive/Desktop/DigiPen/Senior/Fall/GAT316/NeonPainter/Content/HUD/LevelImages/Level2.uasset" 159
"../../../../../../Users/Johng/OneDrive/Desktop/DigiPen/Senior/Fall/GAT316/NeonPainter/Content/HUD/LevelImages/Level3.uasset" 160
"../../../../../../Users/Johng/OneDrive/Desktop/DigiPen/Senior/Fall/GAT316/NeonPainter/Content/Material/Bouncy.uasset" 161
"../../../../../../Users/Johng/OneDrive/Desktop/DigiPen/Senior/Fall/GAT316/NeonPainter/Content/Material/BuildingCP.uasset" 162
"../../../../../../Users/Johng/OneDrive/Desktop/DigiPen/Senior/Fall/GAT316/NeonPainter/Content/Material/Decal.uasset" 163
"../../../../../../Users/Johng/OneDrive/Desktop/DigiPen/Senior/Fall/GAT316/NeonPainter/Content/Material/Loop.uasset" 164
"../../../../../../Users/Johng/OneDrive/Desktop/DigiPen/Senior/Fall/GAT316/NeonPainter/Content/Material/M_BuildingMat.uasset" 165
"../../../../../../Users/Johng/OneDrive/Desktop/DigiPen/Senior/Fall/GAT316/NeonPainter/Content/Material/M_Dissolve.uasset" 166
"../../../../../../Users/Johng/OneDrive/Desktop/DigiPen/Senior/Fall/GAT316/NeonPainter/Content/Material/M_Dissolve_Inst.uasset" 167
"../../../../../../Users/Johng/OneDrive/Desktop/DigiPen/Senior/Fall/GAT316/NeonPainter/Content/Material/M_PureBlack.uasset" 168
"../../../Engine/Content/Functions/Engine_MaterialFunctions01/Density/ExponentialDensity.uasset" 169
"../../../Engine/Content/Functions/Engine_MaterialFunctions01/Gradient/RadialGradientExponential.uasset" 170
"../../../Engine/Content/Functions/Engine_MaterialFunctions02/Utility/BreakOutFloat2Components.uasset" 171
"../../../Engine/Content/Functions/Engine_MaterialFunctions01/Texturing/ScaleUVsByCenter.uasset" 172
"../../../Engine/Content/Functions/Engine_MaterialFunctions02/ScreenResolution.uasset" 173
"../../../Engine/Content/Functions/Engine_MaterialFunctions02/Texturing/ScreenAlignedUVs.uasset" 174
"../../../../../../Users/Johng/OneDrive/Desktop/DigiPen/Senior/Fall/GAT316/NeonPainter/Content/Material/M_RadialBlur.uasset" 175
"../../../../../../Users/Johng/OneDrive/Desktop/DigiPen/Senior/Fall/GAT316/NeonPainter/Content/Material/PBCollectionParam.uasset" 176
"../../../../../../Users/Johng/OneDrive/Desktop/DigiPen/Senior/Fall/GAT316/NeonPainter/Content/Material/SignTextures/BigSodaCo.uasset" 177
"../../../../../../Users/Johng/OneDrive/Desktop/DigiPen/Senior/Fall/GAT316/NeonPainter/Content/Material/SignTextures/BUYOURSTUFF.uasset" 178
"../../../../../../Users/Johng/OneDrive/Desktop/DigiPen/Senior/Fall/GAT316/NeonPainter/Content/Material/SignTextures/EATOURFOOD.uasset" 179
"../../../../../../Users/Johng/OneDrive/Desktop/DigiPen/Senior/Fall/GAT316/NeonPainter/Content/Material/SignTextures/outUV.uasset" 180
"../../../../../../Users/Johng/OneDrive/Desktop/DigiPen/Senior/Fall/GAT316/NeonPainter/Content/Material/SignTextures/SPIDERADO.uasset" 181
"../../../../../../Users/Johng/OneDrive/Desktop/DigiPen/Senior/Fall/GAT316/NeonPainter/Content/Material/SignTextures/TestImage.uasset" 182
"../../../Engine/Content/Functions/Engine_MaterialFunctions01/Gradient/RadialGradient.uasset" 183
"../../../../../../Users/Johng/OneDrive/Desktop/DigiPen/Senior/Fall/GAT316/NeonPainter/Content/StarterContent/Particles/Materials/M_Radial_Gradient.uasset" 184
"../../../../../../Users/Johng/OneDrive/Desktop/DigiPen/Senior/Fall/GAT316/NeonPainter/Content/Particles/P_JetpackStream.uasset" 185
"../../../../../../Users/Johng/OneDrive/Desktop/DigiPen/Senior/Fall/GAT316/NeonPainter/Content/Sound/CountDown.uasset" 186
"../../../../../../Users/Johng/OneDrive/Desktop/DigiPen/Senior/Fall/GAT316/NeonPainter/Content/Sound/252188__pepingrillin__jetpack-fly.uasset" 187
"../../../../../../Users/Johng/OneDrive/Desktop/DigiPen/Senior/Fall/GAT316/NeonPainter/Content/Sound/S_Jetpack.uasset" 188
"../../../../../../Users/Johng/OneDrive/Desktop/DigiPen/Senior/Fall/GAT316/NeonPainter/Content/Sound/PacMan-InGame1.uasset" 189
"../../../../../../Users/Johng/OneDrive/Desktop/DigiPen/Senior/Fall/GAT316/NeonPainter/Content/Sound/PacMan-InGame2.uasset" 190
"../../../../../../Users/Johng/OneDrive/Desktop/DigiPen/Senior/Fall/GAT316/NeonPainter/Content/Sound/S_Overarch.uasset" 191
"../../../../../../Users/Johng/OneDrive/Desktop/DigiPen/Senior/Fall/GAT316/NeonPainter/Content/Sound/233415__rocktopus__splash16.uasset" 192
"../../../../../../Users/Johng/OneDrive/Desktop/DigiPen/Senior/Fall/GAT316/NeonPainter/Content/Sound/S_ProjectileSplash.uasset" 193
"../../../../../../Users/Johng/OneDrive/Desktop/DigiPen/Senior/Fall/GAT316/NeonPainter/Content/StarterContent/Materials/M_Basic_Wall.uasset" 194
"../../../../../../Users/Johng/OneDrive/Desktop/DigiPen/Senior/Fall/GAT316/NeonPainter/Content/StarterContent/Architecture/Pillar_50x500.uasset" 195
"../../../../../../Users/Johng/OneDrive/Desktop/DigiPen/Senior/Fall/GAT316/NeonPainter/Content/StarterContent/Architecture/Wall_400x300.uasset" 196
"../../../../../../Users/Johng/OneDrive/Desktop/DigiPen/Senior/Fall/GAT316/NeonPainter/Content/StarterContent/Architecture/Wall_400x400.uasset" 197
"../../../../../../Users/Johng/OneDrive/Desktop/DigiPen/Senior/Fall/GAT316/NeonPainter/Content/StarterContent/Architecture/Wall_500x500.uasset" 198
"../../../../../../Users/Johng/OneDrive/Desktop/DigiPen/Senior/Fall/GAT316/NeonPainter/Content/StarterContent/Architecture/Wall_Door_400x400.uasset" 199
"../../../../../../Users/Johng/OneDrive/Desktop/DigiPen/Senior/Fall/GAT316/NeonPainter/Content/StarterContent/Architecture/Wall_Window_400x400.uasset" 200
"../../../../../../Users/Johng/OneDrive/Desktop/DigiPen/Senior/Fall/GAT316/NeonPainter/Content/StarterContent/Audio/Collapse01.uasset" 201
"../../../../../../Users/Johng/OneDrive/Desktop/DigiPen/Senior/Fall/GAT316/NeonPainter/Content/StarterContent/Audio/Collapse02.uasset" 202
"../../../../../../Users/Johng/OneDrive/Desktop/DigiPen/Senior/Fall/GAT316/NeonPainter/Content/StarterContent/Audio/Explosion01.uasset" 203
"../../../../../../Users/Johng/OneDrive/Desktop/DigiPen/Senior/Fall/GAT316/NeonPainter/Content/StarterContent/Audio/Explosion02.uasset" 204
"../../../../../../Users/Johng/OneDrive/Desktop/DigiPen/Senior/Fall/GAT316/NeonPainter/Content/StarterContent/Audio/Fire01.uasset" 205
"../../../../../../Users/Johng/OneDrive/Desktop/DigiPen/Senior/Fall/GAT316/NeonPainter/Content/StarterContent/Audio/Fire_Sparks01.uasset" 206
"../../../../../../Users/Johng/OneDrive/Desktop/DigiPen/Senior/Fall/GAT316/NeonPainter/Content/StarterContent/Audio/Light01.uasset" 207
"../../../../../../Users/Johng/OneDrive/Desktop/DigiPen/Senior/Fall/GAT316/NeonPainter/Content/StarterContent/Audio/Light01_Cue.uasset" 208
"../../../../../../Users/Johng/OneDrive/Desktop/DigiPen/Senior/Fall/GAT316/NeonPainter/Content/StarterContent/Audio/Light02.uasset" 209
"../../../../../../Users/Johng/OneDrive/Desktop/DigiPen/Senior/Fall/GAT316/NeonPainter/Content/StarterContent/Audio/Light02_Cue.uasset" 210
"../../../../../../Users/Johng/OneDrive/Desktop/DigiPen/Senior/Fall/GAT316/NeonPainter/Content/StarterContent/Audio/Smoke01.uasset" 211
"../../../../../../Users/Johng/OneDrive/Desktop/DigiPen/Senior/Fall/GAT316/NeonPainter/Content/StarterContent/Audio/Starter_Birds01.uasset" 212
"../../../../../../Users/Johng/OneDrive/Desktop/DigiPen/Senior/Fall/GAT316/NeonPainter/Content/StarterContent/Audio/Starter_Music01.uasset" 213
"../../../../../../Users/Johng/OneDrive/Desktop/DigiPen/Senior/Fall/GAT316/NeonPainter/Content/StarterContent/Audio/Starter_Wind05.uasset" 214
"../../../../../../Users/Johng/OneDrive/Desktop/DigiPen/Senior/Fall/GAT316/NeonPainter/Content/StarterContent/Audio/Starter_Wind06.uasset" 215
"../../../../../../Users/Johng/OneDrive/Desktop/DigiPen/Senior/Fall/GAT316/NeonPainter/Content/StarterContent/Audio/Steam01.uasset" 216
"../../../../../../Users/Johng/OneDrive/Desktop/DigiPen/Senior/Fall/GAT316/NeonPainter/Content/StarterContent/Audio/Explosion_Cue.uasset" 217
"../../../../../../Users/Johng/OneDrive/Desktop/DigiPen/Senior/Fall/GAT316/NeonPainter/Content/StarterContent/Textures/T_Burst_M.uasset" 218
"../../../../../../Users/Johng/OneDrive/Desktop/DigiPen/Senior/Fall/GAT316/NeonPainter/Content/StarterContent/Particles/Materials/M_Burst.uasset" 219
"../../../../../../Users/Johng/OneDrive/Desktop/DigiPen/Senior/Fall/GAT316/NeonPainter/Content/StarterContent/Textures/T_Explosion_SubUV.uasset" 220
"../../../../../../Users/Johng/OneDrive/Desktop/DigiPen/Senior/Fall/GAT316/NeonPainter/Content/StarterContent/Particles/Materials/M_explosion_subUV.uasset" 221
"../../../../../../Users/Johng/OneDrive/Desktop/DigiPen/Senior/Fall/GAT316/NeonPainter/Content/StarterContent/Particles/Materials/m_flare_01.uasset" 222
"../../../../../../Users/Johng/OneDrive/Desktop/DigiPen/Senior/Fall/GAT316/NeonPainter/Content/StarterContent/Particles/Materials/M_radial_ramp.uasset" 223
"../../../../../../Users/Johng/OneDrive/Desktop/DigiPen/Senior/Fall/GAT316/NeonPainter/Content/StarterContent/Textures/T_Smoke_SubUV.uasset" 224
"../../../../../../Users/Johng/OneDrive/Desktop/DigiPen/Senior/Fall/GAT316/NeonPainter/Content/StarterContent/Textures/T_Smoke_Tiled_D.uasset" 225
"../../../../../../Users/Johng/OneDrive/Desktop/DigiPen/Senior/Fall/GAT316/NeonPainter/Content/StarterContent/Particles/Materials/M_smoke_subUV.uasset" 226
"../../../../../../Users/Johng/OneDrive/Desktop/DigiPen/Senior/Fall/GAT316/NeonPainter/Content/StarterContent/Particles/P_Explosion.uasset" 227
"../../../../../../Users/Johng/OneDrive/Desktop/DigiPen/Senior/Fall/GAT316/NeonPainter/Content/StarterContent/Blueprints/Blueprint_Effect_Explosion.uasset" 228
"../../../Engine/Content/EditorMeshes/ColorCalibrator/T_ColorGrid.uasset" 229
"../../../../../../Users/Johng/OneDrive/Desktop/DigiPen/Senior/Fall/GAT316/NeonPainter/Content/StarterContent/Materials/M_ColorGrid_LowSpec.uasset" 230
"../../../../../../Users/Johng/OneDrive/Desktop/DigiPen/Senior/Fall/GAT316/NeonPainter/Content/StarterContent/Textures/T_Bush_D.uasset" 231
"../../../../../../Users/Johng/OneDrive/Desktop/DigiPen/Senior/Fall/GAT316/NeonPainter/Content/StarterContent/Textures/T_Bush_N.uasset" 232
"../../../../../../Users/Johng/OneDrive/Desktop/DigiPen/Senior/Fall/GAT316/NeonPainter/Content/StarterContent/Props/Materials/M_Bush.uasset" 233
"../../../../../../Users/Johng/OneDrive/Desktop/DigiPen/Senior/Fall/GAT316/NeonPainter/Content/StarterContent/Props/SM_Bush.uasset" 234
"../../../../../../Users/Johng/OneDrive/Desktop/DigiPen/Senior/Fall/GAT316/NeonPainter/Content/StarterContent/Textures/T_Chair_M.uasset" 235
"../../../../../../Users/Johng/OneDrive/Desktop/DigiPen/Senior/Fall/GAT316/NeonPainter/Content/StarterContent/Textures/T_Chair_N.uasset" 236
"../../../../../../Users/Johng/OneDrive/Desktop/DigiPen/Senior/Fall/GAT316/NeonPainter/Content/StarterContent/Props/Materials/M_Chair.uasset" 237
"../../../../../../Users/Johng/OneDrive/Desktop/DigiPen/Senior/Fall/GAT316/NeonPainter/Content/StarterContent/Props/SM_Couch.uasset" 238
"../../../../../../Users/Johng/OneDrive/Desktop/DigiPen/Senior/Fall/GAT316/NeonPainter/Content/StarterContent/Materials/M_Glass.uasset" 239
"../../../../../../Users/Johng/OneDrive/Desktop/DigiPen/Senior/Fall/GAT316/NeonPainter/Content/StarterContent/Textures/T_Door_M.uasset" 240
"../../../../../../Users/Johng/OneDrive/Desktop/DigiPen/Senior/Fall/GAT316/NeonPainter/Content/StarterContent/Textures/T_Door_N.uasset" 241
"../../../../../../Users/Johng/OneDrive/Desktop/DigiPen/Senior/Fall/GAT316/NeonPainter/Content/StarterContent/Props/Materials/M_Door.uasset" 242
"../../../../../../Users/Johng/OneDrive/Desktop/DigiPen/Senior/Fall/GAT316/NeonPainter/Content/StarterContent/Props/SM_Door.uasset" 243
"../../../../../../Users/Johng/OneDrive/Desktop/DigiPen/Senior/Fall/GAT316/NeonPainter/Content/StarterContent/Props/Materials/M_MaterialSphere.uasset" 244
"../../../../../../Users/Johng/OneDrive/Desktop/DigiPen/Senior/Fall/GAT316/NeonPainter/Content/StarterContent/Props/Materials/M_MaterialSphere_Plain.uasset" 245
"../../../../../../Users/Johng/OneDrive/Desktop/DigiPen/Senior/Fall/GAT316/NeonPainter/Content/StarterContent/Props/SM_MatPreviewMesh_02.uasset" 246
"../../../../../../Users/Johng/OneDrive/Desktop/DigiPen/Senior/Fall/GAT316/NeonPainter/Content/StarterContent/Textures/T_Detail_Rocky_N.uasset" 247
"../../../../../../Users/Johng/OneDrive/Desktop/DigiPen/Senior/Fall/GAT316/NeonPainter/Content/StarterContent/Textures/T_Rock_Basalt_D.uasset" 248
"../../../../../../Users/Johng/OneDrive/Desktop/DigiPen/Senior/Fall/GAT316/NeonPainter/Content/StarterContent/Textures/T_RockMesh_M.uasset" 249
"../../../../../../Users/Johng/OneDrive/Desktop/DigiPen/Senior/Fall/GAT316/NeonPainter/Content/StarterContent/Textures/T_RockMesh_N.uasset" 250
"../../../../../../Users/Johng/OneDrive/Desktop/DigiPen/Senior/Fall/GAT316/NeonPainter/Content/StarterContent/Props/Materials/M_Rock.uasset" 251
"../../../../../../Users/Johng/OneDrive/Desktop/DigiPen/Senior/Fall/GAT316/NeonPainter/Content/StarterContent/Props/SM_Rock.uasset" 252
"../../../../../../Users/Johng/OneDrive/Desktop/DigiPen/Senior/Fall/GAT316/NeonPainter/Content/StarterContent/Textures/T_Shelf_M.uasset" 253
"../../../../../../Users/Johng/OneDrive/Desktop/DigiPen/Senior/Fall/GAT316/NeonPainter/Content/StarterContent/Textures/T_Shelf_N.uasset" 254
"../../../../../../Users/Johng/OneDrive/Desktop/DigiPen/Senior/Fall/GAT316/NeonPainter/Content/StarterContent/Props/Materials/M_Shelf.uasset" 255
"../../../../../../Users/Johng/OneDrive/Desktop/DigiPen/Senior/Fall/GAT316/NeonPainter/Content/StarterContent/Props/SM_Shelf.uasset" 256
"../../../../../../Users/Johng/OneDrive/Desktop/DigiPen/Senior/Fall/GAT316/NeonPainter/Content/StarterContent/Materials/M_Basic_Floor.uasset" 257
"../../../../../../Users/Johng/OneDrive/Desktop/DigiPen/Senior/Fall/GAT316/NeonPainter/Content/StarterContent/Props/SM_Stairs.uasset" 258
"../../../../../../Users/Johng/OneDrive/Desktop/DigiPen/Senior/Fall/GAT316/NeonPainter/Content/StarterContent/Shapes/Shape_Cone.uasset" 259
"../../../../../../Users/Johng/OneDrive/Desktop/DigiPen/Senior/Fall/GAT316/NeonPainter/Content/StarterContent/Shapes/Shape_Cylinder.uasset" 260
"../../../../../../Users/Johng/OneDrive/Desktop/DigiPen/Senior/Fall/GAT316/NeonPainter/Content/StarterContent/Shapes/Shape_NarrowCapsule.uasset" 261
"../../../../../../Users/Johng/OneDrive/Desktop/DigiPen/Senior/Fall/GAT316/NeonPainter/Content/StarterContent/Shapes/Shape_Pipe.uasset" 262
"../../../../../../Users/Johng/OneDrive/Desktop/DigiPen/Senior/Fall/GAT316/NeonPainter/Content/StarterContent/Shapes/Shape_Pipe_180.uasset" 263
"../../../../../../Users/Johng/OneDrive/Desktop/DigiPen/Senior/Fall/GAT316/NeonPainter/Content/StarterContent/Shapes/Shape_Pipe_90.uasset" 264
"../../../../../../Users/Johng/OneDrive/Desktop/DigiPen/Senior/Fall/GAT316/NeonPainter/Content/StarterContent/Shapes/Shape_Plane.uasset" 265
"../../../../../../Users/Johng/OneDrive/Desktop/DigiPen/Senior/Fall/GAT316/NeonPainter/Content/StarterContent/Shapes/Shape_Torus.uasset" 266
"../../../../../../Users/Johng/OneDrive/Desktop/DigiPen/Senior/Fall/GAT316/NeonPainter/Content/StarterContent/Shapes/Shape_Trim.uasset" 267
"../../../../../../Users/Johng/OneDrive/Desktop/DigiPen/Senior/Fall/GAT316/NeonPainter/Content/StarterContent/Shapes/Shape_Trim_90_In.uasset" 268
"../../../../../../Users/Johng/OneDrive/Desktop/DigiPen/Senior/Fall/GAT316/NeonPainter/Content/StarterContent/Shapes/Shape_Trim_90_Out.uasset" 269
"../../../../../../Users/Johng/OneDrive/Desktop/DigiPen/Senior/Fall/GAT316/NeonPainter/Content/StarterContent/Shapes/Shape_TriPyramid.uasset" 270
"../../../../../../Users/Johng/OneDrive/Desktop/DigiPen/Senior/Fall/GAT316/NeonPainter/Content/StarterContent/Shapes/Shape_Tube.uasset" 271
"../../../../../../Users/Johng/OneDrive/Desktop/DigiPen/Senior/Fall/GAT316/NeonPainter/Content/StarterContent/Shapes/Shape_Wedge_A.uasset" 272
"../../../../../../Users/Johng/OneDrive/Desktop/DigiPen/Senior/Fall/GAT316/NeonPainter/Content/StarterContent/Shapes/Shape_Wedge_B.uasset" 273
"../../../../../../Users/Johng/OneDrive/Desktop/DigiPen/Senior/Fall/GAT316/NeonPainter/Content/StarterContent/Shapes/Shape_WideCapsule.uasset" 274
"../../../Engine/Content/Functions/Engine_MaterialFunctions01/Opacity/CameraDepthFade.uasset" 275
"../../../Engine/Content/EngineMaterials/T_Default_Material_Grid_M.uasset" 276
"../../../Engine/Content/EngineMaterials/T_Default_Material_Grid_N.uasset" 277
"../../../Engine/Content/EngineMaterials/WorldGridMaterial.uasset" 278
"../../../Engine/Content/ArtTools/RenderToTexture/Meshes/S_1_Unit_Plane.uasset" 279
"../../../Engine/Content/EngineMaterials/DefaultMaterial.uasset" 280
"../../../Engine/Content/BasicShapes/Cone.uasset" 281
"../../../Engine/Content/BasicShapes/Cylinder.uasset" 282
"../../../Engine/Content/BasicShapes/Sphere.uasset" 283
"../../../Engine/Content/EditorLandscapeResources/DataLayer.uasset" 284
"../../../Engine/Content/EditorMaterials/GizmoMaterial.uasset" 285
"../../../Engine/Content/EditorMaterials/MAT_Groups_Toggle.uasset" 286
"../../../Engine/Content/EditorMaterials/MAT_Groups_Visibility.uasset" 287
"../../../Engine/Content/EditorMaterials/PreviewShadowIndicator.uasset" 288
"../../../Engine/Content/EditorMaterials/PreviewShadowIndicatorMaterial.uasset" 289
"../../../Engine/Content/EditorMaterials/MatineeGroups/MAT_ColorTrack.uasset" 290
"../../../Engine/Content/EditorMaterials/MatineeGroups/MAT_Groups_Anim.uasset" 291
"../../../Engine/Content/EditorMaterials/MatineeGroups/MAT_Groups_AudioMaster.uasset" 292
"../../../Engine/Content/EditorMaterials/MatineeGroups/MAT_Groups_Director.uasset" 293
"../../../Engine/Content/EditorMaterials/MatineeGroups/MAT_Groups_Event.uasset" 294
"../../../Engine/Content/EditorMaterials/MatineeGroups/MAT_Groups_Fade.uasset" 295
"../../../Engine/Content/EditorMaterials/MatineeGroups/MAT_Groups_Float.uasset" 296
"../../../Engine/Content/EditorMaterials/MatineeGroups/MAT_Groups_Move.uasset" 297
"../../../Engine/Content/EditorMaterials/MatineeGroups/MAT_Groups_Slomo.uasset" 298
"../../../Engine/Content/EditorMaterials/MatineeGroups/MAT_Groups_Sound.uasset" 299
"../../../Engine/Content/EditorMaterials/MatineeGroups/MAT_Groups_Vector.uasset" 300
"../../../Engine/Content/EditorMaterials/ParticleSystems/PSysThumbnail_NoImage.uasset" 301
"../../../Engine/Content/EditorMaterials/ParticleSystems/PSysThumbnail_OOD.uasset" 302
"../../../Engine/Content/EditorMaterials/Camera/CineMat.uasset" 303
"../../../Engine/Content/EditorMaterials/Camera/MI_CineMat_Rig.uasset" 304
"../../../Engine/Content/EditorMeshes/Camera/SM_CraneRig_Arm.uasset" 305
"../../../Engine/Content/EditorMeshes/Camera/SM_CraneRig_Base.uasset" 306
"../../../Engine/Content/EditorMeshes/Camera/SM_CraneRig_Body.uasset" 307
"../../../Engine/Content/EditorMeshes/Camera/SM_CraneRig_Mount.uasset" 308
"../../../Engine/Content/EditorMeshes/Camera/SM_RailRig_Mount.uasset" 309
"../../../Engine/Content/EditorResources/BSPVertex.uasset" 310
"../../../Engine/Content/EditorResources/EmptyActor.uasset" 311
"../../../Engine/Content/EditorResources/S_Actor.uasset" 312
"../../../Engine/Content/EditorResources/S_Trigger.uasset" 313
"../../../Engine/Content/EditorResources/AudioIcons/S_AudioComponent.uasset" 314
"../../../Engine/Content/EditorResources/AudioIcons/S_AudioComponent_AutoActivate.uasset" 315
"../../../Engine/Content/EditorResources/LightIcons/S_LightError.uasset" 316
"../../../Engine/Content/EditorResources/SequenceRecorder/Countdown.uasset" 317
"../../../Engine/Content/EditorResources/SequenceRecorder/RecordingIndicator.uasset" 318
"../../../Engine/Content/EditorSounds/Notifications/CompileFailed.uasset" 319
"../../../Engine/Content/EditorSounds/Notifications/CompileFailed_Cue.uasset" 320
"../../../Engine/Content/EditorSounds/Notifications/CompileSuccess.uasset" 321
"../../../Engine/Content/EditorSounds/Notifications/CompileStart_Cue.uasset" 322
"../../../Engine/Content/EditorSounds/Notifications/CompileSuccess_Cue.uasset" 323
"../../../Engine/Content/EngineDamageTypes/DmgTypeBP_Environmental.uasset" 324
"../../../Engine/Content/EngineDebugMaterials/HeatmapGradient.uasset" 325
"../../../Engine/Content/EngineDebugMaterials/BoneWeightMaterial.uasset" 326
"../../../Engine/Content/EngineDebugMaterials/ClothMaterial.uasset" 327
"../../../Engine/Content/EngineDebugMaterials/ClothMaterial_WF.uasset" 328
"../../../Engine/Content/EngineDebugMaterials/DebugEditorMaterial.uasset" 329
"../../../Engine/Content/EngineDebugMaterials/DebugMeshMaterial.uasset" 330
"../../../Engine/Content/EngineDebugMaterials/GeomMaterial.uasset" 331
"../../../Engine/Content/EngineDebugMaterials/M_SimpleTranslucent.uasset" 332
"../../../Engine/Content/EngineFonts/Faces/RobotoBold.uasset" 333
"../../../Engine/Content/EngineFonts/Faces/RobotoBoldItalic.uasset" 334
"../../../Engine/Content/EngineFonts/Faces/RobotoItalic.uasset" 335
"../../../Engine/Content/EngineFonts/Faces/RobotoLight.uasset" 336
"../../../Engine/Content/EngineFonts/Faces/RobotoRegular.uasset" 337
"../../../Engine/Content/EngineFonts/Roboto.uasset" 338
"../../../Engine/Content/EngineFonts/Faces/RobotoTiny.uasset" 339
"../../../Engine/Content/EngineFonts/RobotoTiny.uasset" 340
"../../../Engine/Content/EngineMaterials/BaseFlattenDiffuseMap.uasset" 341
"../../../Engine/Content/EngineMaterials/BaseFlattenEmissiveMap.uasset" 342
"../../../Engine/Content/EngineMaterials/BaseFlattenGrayscaleMap.uasset" 343
"../../../Engine/Content/EngineMaterials/BaseFlattenNormalMap.uasset" 344
"../../../Engine/Content/EngineMaterials/BaseFlattenMaterial.uasset" 345
"../../../Engine/Content/EngineMaterials/DefaultBloomKernel.uasset" 346
"../../../Engine/Content/EngineMaterials/DefaultBokeh.uasset" 347
"../../../Engine/Content/EngineMaterials/DefaultDeferredDecalMaterial.uasset" 348
"../../../Engine/Content/EngineMaterials/DefaultLightFunctionMaterial.uasset" 349
"../../../Engine/Content/EngineMaterials/DefaultPhysicalMaterial.uasset" 350
"../../../Engine/Content/EngineMaterials/DefaultPostProcessMaterial.uasset" 351
"../../../Engine/Content/EngineFonts/RobotoDistanceField.uasset" 352
"../../../Engine/Content/EngineMaterials/DefaultTextMaterialOpaque.uasset" 353
"../../../Engine/Content/EngineMaterials/DefaultWhiteGrid.uasset" 354
"../../../Engine/Content/EngineMaterials/EditorBrushMaterial.uasset" 355
"../../../Engine/Content/EngineMaterials/Good64x64TilingNoiseHighFreq.uasset" 356
"../../../Engine/Content/EngineMaterials/MiniFont.uasset" 357
"../../../Engine/Content/EngineMaterials/InvalidLightmapSettings.uasset" 358
"../../../Engine/Content/EngineMaterials/M_InvalidLightmapSettings.uasset" 359
"../../../Engine/Content/Functions/Engine_MaterialFunctions02/WorldPositionOffset/CameraOffset.uasset" 360
"../../../Engine/Content/EngineMaterials/PhAT_JointLimitMaterial.uasset" 361
"../../../Engine/Content/EngineMaterials/PreintegratedSkinBRDF.uasset" 362
"../../../Engine/Content/EngineMaterials/RemoveSurfaceMaterial.uasset" 363
"../../../Engine/Content/EngineMaterials/WeightMapPlaceholderTexture.uasset" 364
"../../../Engine/Content/EngineResources/WhiteSquareTexture.uasset" 365
"../../../Engine/Content/EngineMaterials/Widget3DPassThrough.uasset" 366
"../../../Engine/Content/EngineMaterials/Widget3DPassThrough_Masked.uasset" 367
"../../../Engine/Content/EngineMaterials/Widget3DPassThrough_Opaque.uasset" 368
"../../../Engine/Content/EngineMaterials/Widget3DPassThrough_Masked_OneSided.uasset" 369
"../../../Engine/Content/EngineMaterials/Widget3DPassThrough_Opaque_OneSided.uasset" 370
"../../../Engine/Content/EngineMaterials/Widget3DPassThrough_Translucent.uasset" 371
"../../../Engine/Content/EngineMaterials/Widget3DPassThrough_Translucent_OneSided.uasset" 372
"../../../Engine/Content/EngineMeshes/Cylinder.uasset" 373
"../../../Engine/Content/EngineMeshes/Sphere.uasset" 374
"../../../Engine/Content/EngineResources/Black.uasset" 375
"../../../Engine/Content/EngineResources/DefaultTexture.uasset" 376
"../../../Engine/Content/EngineResources/DefaultTextureCube.uasset" 377
"../../../Engine/Content/EngineResources/DefaultVolumeTexture2D.uasset" 378
"../../../Engine/Content/EngineResources/DefaultVolumeTexture.uasset" 379
"../../../Engine/Content/EngineResources/GradientTexture0.uasset" 380
"../../../Engine/Content/EngineSounds/Master.uasset" 381
"../../../Engine/Content/Functions/Engine_MaterialFunctions01/Shading/ConvertFromDiffSpec.uasset" 382
"../../../Engine/Content/Functions/Engine_MaterialFunctions01/Shading/PowerToRoughness.uasset" 383
"../../../Engine/Content/Maps/Templates/Thumbnails/Default.uasset" 384
"../../../Engine/Content/Maps/Templates/Thumbnails/VR-Basic.uasset" 385
"../../../Engine/Content/MobileResources/T_MobileControls_texture.uasset" 386
"../../../Engine/Content/MobileResources/T_MobileMenu2.uasset" 387
"../../../Engine/Content/MobileResources/HUD/AnalogHat.uasset" 388
"../../../Engine/Content/MobileResources/HUD/VirtualJoystick_Background.uasset" 389
"../../../Engine/Content/MobileResources/HUD/VirtualJoystick_Thumb.uasset" 390
"../../../Engine/Content/MobileResources/HUD/DefaultVirtualJoysticks.uasset" 391
"../../../Engine/Content/MobileResources/HUD/LeftVirtualJoystickOnly.uasset" 392
"../../../Engine/Content/MobileResources/HUD/MobileHUDButton1_off.uasset" 393
"../../../Engine/Content/MobileResources/HUD/MobileHUDButton1_on.uasset" 394
"../../../Engine/Content/MobileResources/HUD/MobileHUDButton2_off.uasset" 395
"../../../Engine/Content/MobileResources/HUD/MobileHUDButton2_on.uasset" 396
"../../../Engine/Content/MobileResources/HUD/MobileHUDButton3.uasset" 397
"../../../Engine/Content/MobileResources/HUD/MobileHUDButtonFire.uasset" 398
"../../../Engine/Content/MobileResources/HUD/MobileHUDDirectionPad.uasset" 399
"../../../Engine/Content/MobileResources/HUD/MobileHUDDirectionPad2.uasset" 400
"../../../Engine/Content/MobileResources/HUD/MobileHUDDirectionPad3.uasset" 401
"../../../Engine/Content/MobileResources/HUD/MobileHUDDirectionStick.uasset" 402
"../../../Engine/Content/MobileResources/HUD/T_Castle_ThumbstickInner.uasset" 403
"../../../Engine/Content/MobileResources/HUD/T_Castle_ThumbstickOutter.uasset" 404
"../../../Engine/Content/Tutorial/ContentIntroCurve.uasset" 405
"../../../Engine/Content/VREditor/LaserPointer/VR_LaserPower_01.uasset" 406
"../../../Engine/Content/VREditor/TransformGizmo/TransformGizmoMaterial.uasset" 407
"../../../Engine/Content/VREditor/TransformGizmo/TranslucentTransformGizmoMaterial.uasset" 408
"../../../Engine/Content/VREditor/TransformGizmo/BoundingBoxCorner.uasset" 409
"../../../Engine/Content/VREditor/TransformGizmo/BoundingBoxEdge.uasset" 410
"../../../Engine/Content/VREditor/TransformGizmo/PlaneTranslationHandle.uasset" 411
"../../../Engine/Content/VREditor/TransformGizmo/Main.uasset" 412
"../../../Engine/Content/VREditor/TransformGizmo/Xray.uasset" 413
"../../../Engine/Content/VREditor/TransformGizmo/SM_Sequencer_Key.uasset" 414
"../../../Engine/Content/VREditor/TransformGizmo/SM_Sequencer_Node.uasset" 415
"../../Plugins/2D/Paper2D/Content/PlaceholderTextures/DummySpriteTexture.uasset" 416
"../../Plugins/2D/Paper2D/Content/DummySprite.uasset" 417
"../../Plugins/2D/Paper2D/Content/DefaultPaperTerrainMaterial.uasset" 418
"../../Plugins/2D/Paper2D/Content/DefaultSpriteMaterial.uasset" 419
"../../Plugins/2D/Paper2D/Content/MaskedUnlitSpriteMaterial.uasset" 420
"../../Plugins/2D/Paper2D/Content/OpaqueUnlitSpriteMaterial.uasset" 421
"../../Plugins/Runtime/Oculus/OculusVR/Content/Materials/PokeAHoleMaterial.uasset" 422
"../../Plugins/Runtime/Oculus/OculusVR/Content/Textures/GearVRController_AO.uasset" 423
"../../Plugins/Runtime/Oculus/OculusVR/Content/Textures/GearVRController_Color.uasset" 424
"../../Plugins/Runtime/Oculus/OculusVR/Content/Textures/GearVRController_Normal.uasset" 425
"../../Plugins/Runtime/Oculus/OculusVR/Content/Materials/GearVRControllerMaterial.uasset" 426
"../../Plugins/Runtime/Oculus/OculusVR/Content/Meshes/GearVrController.uasset" 427
"../../Plugins/Runtime/Oculus/OculusVR/Content/Textures/touchController_albedo.uasset" 428
"../../Plugins/Runtime/Oculus/OculusVR/Content/Textures/touchController_controlmap.uasset" 429
"../../Plugins/Runtime/Oculus/OculusVR/Content/Materials/touchController_mat.uasset" 430
"../../Plugins/Runtime/Oculus/OculusVR/Content/Meshes/LeftTouchController.uasset" 431
"../../Plugins/Runtime/Oculus/OculusVR/Content/Meshes/RiftHMD.uasset" 432
"../../Plugins/Runtime/Oculus/OculusVR/Content/Meshes/RightTouchController.uasset" 433
"../../../../../../Users/Johng/OneDrive/Desktop/DigiPen/Senior/Fall/GAT316/NeonPainter/Content/Material/Arrow.uasset" 434
"../../../../../../Users/Johng/OneDrive/Desktop/DigiPen/Senior/Fall/GAT316/NeonPainter/Content/Material/ArrowDecal.uasset" 435
"../../../Engine/Content/BasicShapes/Plane.uasset" 436
"../../../../../../Users/Johng/OneDrive/Desktop/DigiPen/Senior/Fall/GAT316/NeonPainter/Content/Archetypes/Arrow.uasset" 437
"../../../Engine/Content/BasicShapes/BasicShapeMaterial.uasset" 438
"../../../Engine/Content/BasicShapes/Cube.uasset" 439
"../../../../../../Users/Johng/OneDrive/Desktop/DigiPen/Senior/Fall/GAT316/NeonPainter/Content/Archetypes/Building.uasset" 440
"../../../../../../Users/Johng/OneDrive/Desktop/DigiPen/Senior/Fall/GAT316/NeonPainter/Content/Maps/BaseMap_BuiltData.uasset" 441
"../../../../../../Users/Johng/OneDrive/Desktop/DigiPen/Senior/Fall/GAT316/NeonPainter/Content/Audio/Music.uasset" 442
"../../../../../../Users/Johng/OneDrive/Desktop/DigiPen/Senior/Fall/GAT316/NeonPainter/Content/Audio/Music_Cue.uasset" 443
"../../../../../../Users/Johng/OneDrive/Desktop/DigiPen/Senior/Fall/GAT316/NeonPainter/Content/Maps/BaseMap.umap" 444
"../../../../../../Users/Johng/OneDrive/Desktop/DigiPen/Senior/Fall/GAT316/NeonPainter/Content/Archetypes/Floor.uasset" 445
"../../../../../../Users/Johng/OneDrive/Desktop/DigiPen/Senior/Fall/GAT316/NeonPainter/Content/Material/NebulaTest3.uasset" 446
"../../../../../../Users/Johng/OneDrive/Desktop/DigiPen/Senior/Fall/GAT316/NeonPainter/Content/Material/M_Skybox.uasset" 447
"../../../Engine/Content/EngineSky/T_Sky_Blue.uasset" 448
"../../../Engine/Content/EngineSky/T_Sky_Clouds_M.uasset" 449
"../../../Engine/Content/EngineSky/T_Sky_Stars.uasset" 450
"../../../Engine/Content/EngineSky/M_Sky_Panning_Clouds2.uasset" 451
"../../../Engine/Content/EngineSky/SM_SkySphere.uasset" 452
"../../../../../../Users/Johng/OneDrive/Desktop/DigiPen/Senior/Fall/GAT316/NeonPainter/Content/Material/Skybox.uasset" 453
"../../../../../../Users/Johng/OneDrive/Desktop/DigiPen/Senior/Fall/GAT316/NeonPainter/Content/Maps/Level1_BuiltData.uasset" 454
"../../../Engine/Content/EditorMeshes/Camera/SM_RailRig_Track.uasset" 455
"../../../../../../Users/Johng/OneDrive/Desktop/DigiPen/Senior/Fall/GAT316/NeonPainter/Content/Particles/P_ParticleFloor.uasset" 456
"../../../../../../Users/Johng/OneDrive/Desktop/DigiPen/Senior/Fall/GAT316/NeonPainter/Content/Maps/Level1.umap" 457
"../../../../../../Users/Johng/OneDrive/Desktop/DigiPen/Senior/Fall/GAT316/NeonPainter/Content/Maps/Level2_BuiltData.uasset" 458
"../../../../../../Users/Johng/OneDrive/Desktop/DigiPen/Senior/Fall/GAT316/NeonPainter/Content/Maps/Level2.umap" 459
"../../../../../../Users/Johng/OneDrive/Desktop/DigiPen/Senior/Fall/GAT316/NeonPainter/Content/Maps/Level3_BuiltData.uasset" 460
"../../../../../../Users/Johng/OneDrive/Desktop/DigiPen/Senior/Fall/GAT316/NeonPainter/Content/Material/M_LocalFog_Inst.uasset" 461
"../../../../../../Users/Johng/OneDrive/Desktop/DigiPen/Senior/Fall/GAT316/NeonPainter/Content/Particles/P_LocalFog.uasset" 462
"../../../../../../Users/Johng/OneDrive/Desktop/DigiPen/Senior/Fall/GAT316/NeonPainter/Content/Maps/Level3.umap" 463
"../../../../../../Users/Johng/OneDrive/Desktop/DigiPen/Senior/Fall/GAT316/NeonPainter/Content/Maps/Tutorial.umap" 464
"../../../../../../Users/Johng/OneDrive/Desktop/DigiPen/Senior/Fall/GAT316/NeonPainter/Content/StarterContent/Blueprints/Assets/FogBrightnessLUT.uasset" 465
"../../../../../../Users/Johng/OneDrive/Desktop/DigiPen/Senior/Fall/GAT316/NeonPainter/Content/StarterContent/Blueprints/Assets/SunlightColorLUT.uasset" 466
"../../../../../../Users/Johng/OneDrive/Desktop/DigiPen/Senior/Fall/GAT316/NeonPainter/Content/StarterContent/Blueprints/Assets/M_LightStage_Arrows.uasset" 467
"../../../Engine/Content/MapTemplates/Sky/DaylightAmbientCubemap.uasset" 468
"../../../../../../Users/Johng/OneDrive/Desktop/DigiPen/Senior/Fall/GAT316/NeonPainter/Content/StarterContent/Blueprints/Assets/M_LightStage_Skybox_Master.uasset" 469
"../../../../../../Users/Johng/OneDrive/Desktop/DigiPen/Senior/Fall/GAT316/NeonPainter/Content/StarterContent/Blueprints/Assets/M_LightStage_Skybox_Black.uasset" 470
"../../../../../../Users/Johng/OneDrive/Desktop/DigiPen/Senior/Fall/GAT316/NeonPainter/Content/StarterContent/Blueprints/Assets/M_LightStage_Skybox_HDRI.uasset" 471
"../../../Engine/Content/EditorMaterials/Thumbnails/SkySphereMaterial.uasset" 472
"../../../../../../Users/Johng/OneDrive/Desktop/DigiPen/Senior/Fall/GAT316/NeonPainter/Content/StarterContent/Blueprints/Assets/Skybox.uasset" 473
"../../../../../../Users/Johng/OneDrive/Desktop/DigiPen/Senior/Fall/GAT316/NeonPainter/Content/StarterContent/Blueprints/Assets/SM_Arrows.uasset" 474
"../../../../../../Users/Johng/OneDrive/Desktop/DigiPen/Senior/Fall/GAT316/NeonPainter/Content/StarterContent/HDRI/HDRI_Epic_Courtyard_Daylight.uasset" 475
"../../../../../../Users/Johng/OneDrive/Desktop/DigiPen/Senior/Fall/GAT316/NeonPainter/Content/StarterContent/Blueprints/BP_LightStudio.uasset" 476
"../../../../../../Users/Johng/OneDrive/Desktop/DigiPen/Senior/Fall/GAT316/NeonPainter/Content/StarterContent/Maps/Advanced_Lighting_BuiltData.uasset" 477
"../../../../../../Users/Johng/OneDrive/Desktop/DigiPen/Senior/Fall/GAT316/NeonPainter/Content/StarterContent/Materials/M_AssetPlatform.uasset" 478
"../../../Engine/Content/EditorMeshes/ColorCalibrator/M_ChromeBall.uasset" 479
"../../../Engine/Content/EditorMeshes/ColorCalibrator/M_ClearCoat.uasset" 480
"../../../Engine/Content/EditorMeshes/ColorCalibrator/M_ClearCoatBlack.uasset" 481
"../../../Engine/Content/EditorMeshes/ColorCalibrator/Color_checker.uasset" 482
"../../../Engine/Content/EditorMeshes/ColorCalibrator/M_ColorGrid.uasset" 483
"../../../Engine/Content/EditorMeshes/ColorCalibrator/M_GreyBall.uasset" 484
"../../../Engine/Content/EditorMeshes/ColorCalibrator/SM_ColorCalibrator.uasset" 485
"../../../../../../Users/Johng/OneDrive/Desktop/DigiPen/Senior/Fall/GAT316/NeonPainter/Content/StarterContent/Architecture/SM_AssetPlatform.uasset" 486
"../../../../../../Users/Johng/OneDrive/Desktop/DigiPen/Senior/Fall/GAT316/NeonPainter/Content/StarterContent/Maps/Advanced_Lighting.umap" 487
"../../../Engine/Content/EngineSky/C_Sky_Cloud_Color.uasset" 488
"../../../Engine/Content/EngineSky/C_Sky_Horizon_Color.uasset" 489
"../../../Engine/Content/EngineSky/C_Sky_Zenith_Color.uasset" 490
"../../../Engine/Content/EngineSky/BP_Sky_Sphere.uasset" 491
"../../../../../../Users/Johng/OneDrive/Desktop/DigiPen/Senior/Fall/GAT316/NeonPainter/Content/StarterContent/Maps/Minimal_Default_BuiltData.uasset" 492
"../../../../../../Users/Johng/OneDrive/Desktop/DigiPen/Senior/Fall/GAT316/NeonPainter/Content/StarterContent/Textures/T_MacroVariation.uasset" 493
"../../../../../../Users/Johng/OneDrive/Desktop/DigiPen/Senior/Fall/GAT316/NeonPainter/Content/StarterContent/Materials/M_Metal_Brushed_Nickel.uasset" 494
"../../../../../../Users/Johng/OneDrive/Desktop/DigiPen/Senior/Fall/GAT316/NeonPainter/Content/StarterContent/Textures/T_Metal_Aluminum_D.uasset" 495
"../../../../../../Users/Johng/OneDrive/Desktop/DigiPen/Senior/Fall/GAT316/NeonPainter/Content/StarterContent/Textures/T_Metal_Gold_N.uasset" 496
"../../../../../../Users/Johng/OneDrive/Desktop/DigiPen/Senior/Fall/GAT316/NeonPainter/Content/StarterContent/Materials/M_Metal_Burnished_Steel.uasset" 497
"../../../../../../Users/Johng/OneDrive/Desktop/DigiPen/Senior/Fall/GAT316/NeonPainter/Content/StarterContent/Textures/T_Metal_Copper_D.uasset" 498
"../../../../../../Users/Johng/OneDrive/Desktop/DigiPen/Senior/Fall/GAT316/NeonPainter/Content/StarterContent/Materials/M_Metal_Copper.uasset" 499
"../../../../../../Users/Johng/OneDrive/Desktop/DigiPen/Senior/Fall/GAT316/NeonPainter/Content/StarterContent/Textures/T_Statue_M.uasset" 500
"../../../../../../Users/Johng/OneDrive/Desktop/DigiPen/Senior/Fall/GAT316/NeonPainter/Content/StarterContent/Textures/T_Statue_N.uasset" 501
"../../../../../../Users/Johng/OneDrive/Desktop/DigiPen/Senior/Fall/GAT316/NeonPainter/Content/StarterContent/Props/Materials/M_StatueGlass.uasset" 502
"../../../../../../Users/Johng/OneDrive/Desktop/DigiPen/Senior/Fall/GAT316/NeonPainter/Content/StarterContent/Architecture/Floor_400x400.uasset" 503
"../../../../../../Users/Johng/OneDrive/Desktop/DigiPen/Senior/Fall/GAT316/NeonPainter/Content/StarterContent/Audio/Starter_Background_Cue.uasset" 504
"../../../../../../Users/Johng/OneDrive/Desktop/DigiPen/Senior/Fall/GAT316/NeonPainter/Content/StarterContent/Props/SM_Chair.uasset" 505
"../../../../../../Users/Johng/OneDrive/Desktop/DigiPen/Senior/Fall/GAT316/NeonPainter/Content/StarterContent/Props/Materials/M_Statue.uasset" 506
"../../../../../../Users/Johng/OneDrive/Desktop/DigiPen/Senior/Fall/GAT316/NeonPainter/Content/StarterContent/Props/SM_Statue.uasset" 507
"../../../../../../Users/Johng/OneDrive/Desktop/DigiPen/Senior/Fall/GAT316/NeonPainter/Content/StarterContent/Textures/T_TableRound_M.uasset" 508
"../../../../../../Users/Johng/OneDrive/Desktop/DigiPen/Senior/Fall/GAT316/NeonPainter/Content/StarterContent/Textures/T_TableRound_N.uasset" 509
"../../../../../../Users/Johng/OneDrive/Desktop/DigiPen/Senior/Fall/GAT316/NeonPainter/Content/StarterContent/Props/Materials/M_TableRound.uasset" 510
"../../../../../../Users/Johng/OneDrive/Desktop/DigiPen/Senior/Fall/GAT316/NeonPainter/Content/StarterContent/Props/SM_TableRound.uasset" 511
"../../../../../../Users/Johng/OneDrive/Desktop/DigiPen/Senior/Fall/GAT316/NeonPainter/Content/StarterContent/Maps/Minimal_Default.umap" 512
"../../../../../../Users/Johng/OneDrive/Desktop/DigiPen/Senior/Fall/GAT316/NeonPainter/Content/StarterContent/Audio/Fire01_Cue.uasset" 513
"../../../../../../Users/Johng/OneDrive/Desktop/DigiPen/Senior/Fall/GAT316/NeonPainter/Content/StarterContent/Textures/T_Fire_SubUV.uasset" 514
"../../../../../../Users/Johng/OneDrive/Desktop/DigiPen/Senior/Fall/GAT316/NeonPainter/Content/StarterContent/Textures/T_Fire_Tiled_D.uasset" 515
"../../../../../../Users/Johng/OneDrive/Desktop/DigiPen/Senior/Fall/GAT316/NeonPainter/Content/StarterContent/Particles/Materials/M_Fire_SubUV.uasset" 516
"../../../../../../Users/Johng/OneDrive/Desktop/DigiPen/Senior/Fall/GAT316/NeonPainter/Content/StarterContent/Particles/Materials/M_Heat_Distortion.uasset" 517
"../../../../../../Users/Johng/OneDrive/Desktop/DigiPen/Senior/Fall/GAT316/NeonPainter/Content/StarterContent/Particles/P_Fire.uasset" 518
"../../../../../../Users/Johng/OneDrive/Desktop/DigiPen/Senior/Fall/GAT316/NeonPainter/Content/StarterContent/Blueprints/Blueprint_Effect_Fire.uasset" 519
"../../../../../../Users/Johng/OneDrive/Desktop/DigiPen/Senior/Fall/GAT316/NeonPainter/Content/StarterContent/Audio/Smoke01_Cue.uasset" 520
"../../../../../../Users/Johng/OneDrive/Desktop/DigiPen/Senior/Fall/GAT316/NeonPainter/Content/StarterContent/Particles/P_Smoke.uasset" 521
"../../../../../../Users/Johng/OneDrive/Desktop/DigiPen/Senior/Fall/GAT316/NeonPainter/Content/StarterContent/Blueprints/Blueprint_Effect_Smoke.uasset" 522
"../../../../../../Users/Johng/OneDrive/Desktop/DigiPen/Senior/Fall/GAT316/NeonPainter/Content/StarterContent/Audio/Fire_Sparks01_Cue.uasset" 523
"../../../../../../Users/Johng/OneDrive/Desktop/DigiPen/Senior/Fall/GAT316/NeonPainter/Content/StarterContent/Textures/T_Spark_Core.uasset" 524
"../../../../../../Users/Johng/OneDrive/Desktop/DigiPen/Senior/Fall/GAT316/NeonPainter/Content/StarterContent/Particles/Materials/M_Spark.uasset" 525
"../../../../../../Users/Johng/OneDrive/Desktop/DigiPen/Senior/Fall/GAT316/NeonPainter/Content/StarterContent/Particles/P_Sparks.uasset" 526
"../../../../../../Users/Johng/OneDrive/Desktop/DigiPen/Senior/Fall/GAT316/NeonPainter/Content/StarterContent/Blueprints/Blueprint_Effect_Sparks.uasset" 527
"../../../../../../Users/Johng/OneDrive/Desktop/DigiPen/Senior/Fall/GAT316/NeonPainter/Content/StarterContent/Audio/Steam01_Cue.uasset" 528
"../../../../../../Users/Johng/OneDrive/Desktop/DigiPen/Senior/Fall/GAT316/NeonPainter/Content/StarterContent/Particles/P_Steam_Lit.uasset" 529
"../../../../../../Users/Johng/OneDrive/Desktop/DigiPen/Senior/Fall/GAT316/NeonPainter/Content/StarterContent/Blueprints/Blueprint_Effect_Steam.uasset" 530
"../../../../../../Users/Johng/OneDrive/Desktop/DigiPen/Senior/Fall/GAT316/NeonPainter/Content/StarterContent/Textures/T_Lamp_M.uasset" 531
"../../../../../../Users/Johng/OneDrive/Desktop/DigiPen/Senior/Fall/GAT316/NeonPainter/Content/StarterContent/Textures/T_Lamp_N.uasset" 532
"../../../../../../Users/Johng/OneDrive/Desktop/DigiPen/Senior/Fall/GAT316/NeonPainter/Content/StarterContent/Props/Materials/M_Lamp.uasset" 533
"../../../../../../Users/Johng/OneDrive/Desktop/DigiPen/Senior/Fall/GAT316/NeonPainter/Content/StarterContent/Props/SM_Lamp_Ceiling.uasset" 534
"../../../../../../Users/Johng/OneDrive/Desktop/DigiPen/Senior/Fall/GAT316/NeonPainter/Content/StarterContent/Blueprints/Blueprint_CeilingLight.uasset" 535
"../../../../../../Users/Johng/OneDrive/Desktop/DigiPen/Senior/Fall/GAT316/NeonPainter/Content/StarterContent/Props/SM_Lamp_Wall.uasset" 536
"../../../../../../Users/Johng/OneDrive/Desktop/DigiPen/Senior/Fall/GAT316/NeonPainter/Content/StarterContent/Blueprints/Blueprint_WallSconce.uasset" 537
"../../../../../../Users/Johng/OneDrive/Desktop/DigiPen/Senior/Fall/GAT316/NeonPainter/Content/StarterContent/Maps/StarterMap_BuiltData.uasset" 538
"../../../Engine/Content/Functions/Engine_MaterialFunctions03/Procedurals/ComputeFilterWidth.uasset" 539
"../../../Engine/Content/EngineMaterials/AntiAliasedTextMaterialTranslucent.uasset" 540
"../../../../../../Users/Johng/OneDrive/Desktop/DigiPen/Senior/Fall/GAT316/NeonPainter/Content/StarterContent/Textures/T_Brick_Clay_Beveled_D.uasset" 541
"../../../../../../Users/Johng/OneDrive/Desktop/DigiPen/Senior/Fall/GAT316/NeonPainter/Content/StarterContent/Textures/T_Brick_Clay_Beveled_M.uasset" 542
"../../../../../../Users/Johng/OneDrive/Desktop/DigiPen/Senior/Fall/GAT316/NeonPainter/Content/StarterContent/Textures/T_Brick_Clay_Beveled_N.uasset" 543
"../../../../../../Users/Johng/OneDrive/Desktop/DigiPen/Senior/Fall/GAT316/NeonPainter/Content/StarterContent/Materials/M_Brick_Clay_Beveled.uasset" 544
"../../../../../../Users/Johng/OneDrive/Desktop/DigiPen/Senior/Fall/GAT316/NeonPainter/Content/StarterContent/Textures/T_Brick_Clay_New_D.uasset" 545
"../../../../../../Users/Johng/OneDrive/Desktop/DigiPen/Senior/Fall/GAT316/NeonPainter/Content/StarterContent/Textures/T_Brick_Clay_New_M.uasset" 546
"../../../../../../Users/Johng/OneDrive/Desktop/DigiPen/Senior/Fall/GAT316/NeonPainter/Content/StarterContent/Textures/T_Brick_Clay_New_N.uasset" 547
"../../../../../../Users/Johng/OneDrive/Desktop/DigiPen/Senior/Fall/GAT316/NeonPainter/Content/StarterContent/Materials/M_Brick_Clay_New.uasset" 548
"../../../../../../Users/Johng/OneDrive/Desktop/DigiPen/Senior/Fall/GAT316/NeonPainter/Content/StarterContent/Textures/T_Brick_Clay_Old_D.uasset" 549
"../../../../../../Users/Johng/OneDrive/Desktop/DigiPen/Senior/Fall/GAT316/NeonPainter/Content/StarterContent/Textures/T_Brick_Clay_Old_N.uasset" 550
"../../../../../../Users/Johng/OneDrive/Desktop/DigiPen/Senior/Fall/GAT316/NeonPainter/Content/StarterContent/Textures/T_Perlin_Noise_M.uasset" 551
"../../../../../../Users/Johng/OneDrive/Desktop/DigiPen/Senior/Fall/GAT316/NeonPainter/Content/StarterContent/Materials/M_Brick_Clay_Old.uasset" 552
"../../../../../../Users/Johng/OneDrive/Desktop/DigiPen/Senior/Fall/GAT316/NeonPainter/Content/StarterContent/Textures/T_Brick_Cut_Stone_D.uasset" 553
"../../../../../../Users/Johng/OneDrive/Desktop/DigiPen/Senior/Fall/GAT316/NeonPainter/Content/StarterContent/Textures/T_Brick_Cut_Stone_N.uasset" 554
"../../../../../../Users/Johng/OneDrive/Desktop/DigiPen/Senior/Fall/GAT316/NeonPainter/Content/StarterContent/Materials/M_Brick_Cut_Stone.uasset" 555
"../../../../../../Users/Johng/OneDrive/Desktop/DigiPen/Senior/Fall/GAT316/NeonPainter/Content/StarterContent/Textures/T_Brick_Hewn_Stone_D.uasset" 556
"../../../../../../Users/Johng/OneDrive/Desktop/DigiPen/Senior/Fall/GAT316/NeonPainter/Content/StarterContent/Textures/T_Brick_Hewn_Stone_M.uasset" 557
"../../../../../../Users/Johng/OneDrive/Desktop/DigiPen/Senior/Fall/GAT316/NeonPainter/Content/StarterContent/Textures/T_Brick_Hewn_Stone_N.uasset" 558
"../../../../../../Users/Johng/OneDrive/Desktop/DigiPen/Senior/Fall/GAT316/NeonPainter/Content/StarterContent/Materials/M_Brick_Hewn_Stone.uasset" 559
"../../../../../../Users/Johng/OneDrive/Desktop/DigiPen/Senior/Fall/GAT316/NeonPainter/Content/StarterContent/Textures/T_Ceramic_Tile_M.uasset" 560
"../../../../../../Users/Johng/OneDrive/Desktop/DigiPen/Senior/Fall/GAT316/NeonPainter/Content/StarterContent/Textures/T_Ceramic_Tile_N.uasset" 561
"../../../../../../Users/Johng/OneDrive/Desktop/DigiPen/Senior/Fall/GAT316/NeonPainter/Content/StarterContent/Textures/T_Rock_Marble_Polished_D.uasset" 562
"../../../../../../Users/Johng/OneDrive/Desktop/DigiPen/Senior/Fall/GAT316/NeonPainter/Content/StarterContent/Materials/M_Ceramic_Tile_Checker.uasset" 563
"../../../../../../Users/Johng/OneDrive/Desktop/DigiPen/Senior/Fall/GAT316/NeonPainter/Content/StarterContent/Textures/T_CobbleStone_Pebble_D.uasset" 564
"../../../../../../Users/Johng/OneDrive/Desktop/DigiPen/Senior/Fall/GAT316/NeonPainter/Content/StarterContent/Textures/T_CobbleStone_Pebble_M.uasset" 565
"../../../../../../Users/Johng/OneDrive/Desktop/DigiPen/Senior/Fall/GAT316/NeonPainter/Content/StarterContent/Textures/T_CobbleStone_Pebble_N.uasset" 566
"../../../../../../Users/Johng/OneDrive/Desktop/DigiPen/Senior/Fall/GAT316/NeonPainter/Content/StarterContent/Materials/M_CobbleStone_Pebble.uasset" 567
"../../../../../../Users/Johng/OneDrive/Desktop/DigiPen/Senior/Fall/GAT316/NeonPainter/Content/StarterContent/Textures/T_CobbleStone_Rough_D.uasset" 568
"../../../../../../Users/Johng/OneDrive/Desktop/DigiPen/Senior/Fall/GAT316/NeonPainter/Content/StarterContent/Textures/T_CobbleStone_Rough_N.uasset" 569
"../../../../../../Users/Johng/OneDrive/Desktop/DigiPen/Senior/Fall/GAT316/NeonPainter/Content/StarterContent/Textures/T_Gradinet_01.uasset" 570
"../../../../../../Users/Johng/OneDrive/Desktop/DigiPen/Senior/Fall/GAT316/NeonPainter/Content/StarterContent/Textures/T_Rock_Smooth_Granite_D.uasset" 571
"../../../../../../Users/Johng/OneDrive/Desktop/DigiPen/Senior/Fall/GAT316/NeonPainter/Content/StarterContent/Materials/M_CobbleStone_Rough.uasset" 572
"../../../../../../Users/Johng/OneDrive/Desktop/DigiPen/Senior/Fall/GAT316/NeonPainter/Content/StarterContent/Textures/T_CobbleStone_Smooth_D.uasset" 573
"../../../../../../Users/Johng/OneDrive/Desktop/DigiPen/Senior/Fall/GAT316/NeonPainter/Content/StarterContent/Textures/T_CobbleStone_Smooth_M.uasset" 574
"../../../../../../Users/Johng/OneDrive/Desktop/DigiPen/Senior/Fall/GAT316/NeonPainter/Content/StarterContent/Textures/T_CobbleStone_Smooth_N.uasset" 575
"../../../../../../Users/Johng/OneDrive/Desktop/DigiPen/Senior/Fall/GAT316/NeonPainter/Content/StarterContent/Materials/M_CobbleStone_Smooth.uasset" 576
"../../../../../../Users/Johng/OneDrive/Desktop/DigiPen/Senior/Fall/GAT316/NeonPainter/Content/StarterContent/Textures/T_Concrete_Grime_D.uasset" 577
"../../../../../../Users/Johng/OneDrive/Desktop/DigiPen/Senior/Fall/GAT316/NeonPainter/Content/StarterContent/Textures/T_Metal_Rust_N.uasset" 578
"../../../../../../Users/Johng/OneDrive/Desktop/DigiPen/Senior/Fall/GAT316/NeonPainter/Content/StarterContent/Materials/M_Concrete_Grime.uasset" 579
"../../../../../../Users/Johng/OneDrive/Desktop/DigiPen/Senior/Fall/GAT316/NeonPainter/Content/StarterContent/Textures/T_Concrete_Panels_D.uasset" 580
"../../../../../../Users/Johng/OneDrive/Desktop/DigiPen/Senior/Fall/GAT316/NeonPainter/Content/StarterContent/Textures/T_Concrete_Panels_N.uasset" 581
"../../../../../../Users/Johng/OneDrive/Desktop/DigiPen/Senior/Fall/GAT316/NeonPainter/Content/StarterContent/Materials/M_Concrete_Panels.uasset" 582
"../../../../../../Users/Johng/OneDrive/Desktop/DigiPen/Senior/Fall/GAT316/NeonPainter/Content/StarterContent/Textures/T_Concrete_Poured_D.uasset" 583
"../../../../../../Users/Johng/OneDrive/Desktop/DigiPen/Senior/Fall/GAT316/NeonPainter/Content/StarterContent/Textures/T_Concrete_Poured_N.uasset" 584
"../../../../../../Users/Johng/OneDrive/Desktop/DigiPen/Senior/Fall/GAT316/NeonPainter/Content/StarterContent/Materials/M_Concrete_Poured.uasset" 585
"../../../../../../Users/Johng/OneDrive/Desktop/DigiPen/Senior/Fall/GAT316/NeonPainter/Content/StarterContent/Textures/T_Concrete_Tiles_D.uasset" 586
"../../../../../../Users/Johng/OneDrive/Desktop/DigiPen/Senior/Fall/GAT316/NeonPainter/Content/StarterContent/Textures/T_Concrete_Tiles_M.uasset" 587
"../../../../../../Users/Johng/OneDrive/Desktop/DigiPen/Senior/Fall/GAT316/NeonPainter/Content/StarterContent/Textures/T_Concrete_Tiles_N.uasset" 588
"../../../../../../Users/Johng/OneDrive/Desktop/DigiPen/Senior/Fall/GAT316/NeonPainter/Content/StarterContent/Textures/T_Concrete_Tiles_Variation_M.uasset" 589
"../../../../../../Users/Johng/OneDrive/Desktop/DigiPen/Senior/Fall/GAT316/NeonPainter/Content/StarterContent/Materials/M_Concrete_Tiles.uasset" 590
"../../../../../../Users/Johng/OneDrive/Desktop/DigiPen/Senior/Fall/GAT316/NeonPainter/Content/StarterContent/Textures/T_Ground_Grass_D.uasset" 591
"../../../../../../Users/Johng/OneDrive/Desktop/DigiPen/Senior/Fall/GAT316/NeonPainter/Content/StarterContent/Textures/T_Ground_Grass_N.uasset" 592
"../../../../../../Users/Johng/OneDrive/Desktop/DigiPen/Senior/Fall/GAT316/NeonPainter/Content/StarterContent/Materials/M_Ground_Grass.uasset" 593
"../../../../../../Users/Johng/OneDrive/Desktop/DigiPen/Senior/Fall/GAT316/NeonPainter/Content/StarterContent/Textures/T_Ground_Gravel_D.uasset" 594
"../../../../../../Users/Johng/OneDrive/Desktop/DigiPen/Senior/Fall/GAT316/NeonPainter/Content/StarterContent/Textures/T_Ground_Gravel_N.uasset" 595
"../../../../../../Users/Johng/OneDrive/Desktop/DigiPen/Senior/Fall/GAT316/NeonPainter/Content/StarterContent/Materials/M_Ground_Gravel.uasset" 596
"../../../../../../Users/Johng/OneDrive/Desktop/DigiPen/Senior/Fall/GAT316/NeonPainter/Content/StarterContent/Textures/T_ground_Moss_D.uasset" 597
"../../../../../../Users/Johng/OneDrive/Desktop/DigiPen/Senior/Fall/GAT316/NeonPainter/Content/StarterContent/Textures/T_Ground_Moss_N.uasset" 598
"../../../../../../Users/Johng/OneDrive/Desktop/DigiPen/Senior/Fall/GAT316/NeonPainter/Content/StarterContent/Materials/M_Ground_Moss.uasset" 599
"../../../../../../Users/Johng/OneDrive/Desktop/DigiPen/Senior/Fall/GAT316/NeonPainter/Content/StarterContent/Materials/M_Metal_Chrome.uasset" 600
"../../../../../../Users/Johng/OneDrive/Desktop/DigiPen/Senior/Fall/GAT316/NeonPainter/Content/StarterContent/Textures/T_Metal_Gold_D.uasset" 601
"../../../../../../Users/Johng/OneDrive/Desktop/DigiPen/Senior/Fall/GAT316/NeonPainter/Content/StarterContent/Materials/M_Metal_Gold.uasset" 602
"../../../../../../Users/Johng/OneDrive/Desktop/DigiPen/Senior/Fall/GAT316/NeonPainter/Content/StarterContent/Textures/T_Metal_Rust_D.uasset" 603
"../../../../../../Users/Johng/OneDrive/Desktop/DigiPen/Senior/Fall/GAT316/NeonPainter/Content/StarterContent/Materials/M_Metal_Rust.uasset" 604
"../../../../../../Users/Johng/OneDrive/Desktop/DigiPen/Senior/Fall/GAT316/NeonPainter/Content/StarterContent/Textures/T_Metal_Steel_D.uasset" 605
"../../../../../../Users/Johng/OneDrive/Desktop/DigiPen/Senior/Fall/GAT316/NeonPainter/Content/StarterContent/Textures/T_Metal_Steel_N.uasset" 606
"../../../../../../Users/Johng/OneDrive/Desktop/DigiPen/Senior/Fall/GAT316/NeonPainter/Content/StarterContent/Materials/M_Metal_Steel.uasset" 607
"../../../../../../Users/Johng/OneDrive/Desktop/DigiPen/Senior/Fall/GAT316/NeonPainter/Content/StarterContent/Textures/T_Rock_Basalt_N.uasset" 608
"../../../../../../Users/Johng/OneDrive/Desktop/DigiPen/Senior/Fall/GAT316/NeonPainter/Content/StarterContent/Materials/M_Rock_Basalt.uasset" 609
"../../../../../../Users/Johng/OneDrive/Desktop/DigiPen/Senior/Fall/GAT316/NeonPainter/Content/StarterContent/Materials/M_Rock_Marble_Polished.uasset" 610
"../../../../../../Users/Johng/OneDrive/Desktop/DigiPen/Senior/Fall/GAT316/NeonPainter/Content/StarterContent/Textures/T_Rock_Sandstone_D.uasset" 611
"../../../../../../Users/Johng/OneDrive/Desktop/DigiPen/Senior/Fall/GAT316/NeonPainter/Content/StarterContent/Textures/T_Rock_Sandstone_N.uasset" 612
"../../../../../../Users/Johng/OneDrive/Desktop/DigiPen/Senior/Fall/GAT316/NeonPainter/Content/StarterContent/Materials/M_Rock_Sandstone.uasset" 613
"../../../../../../Users/Johng/OneDrive/Desktop/DigiPen/Senior/Fall/GAT316/NeonPainter/Content/StarterContent/Textures/T_Rock_Slate_D.uasset" 614
"../../../../../../Users/Johng/OneDrive/Desktop/DigiPen/Senior/Fall/GAT316/NeonPainter/Content/StarterContent/Textures/T_Rock_Slate_N.uasset" 615
"../../../../../../Users/Johng/OneDrive/Desktop/DigiPen/Senior/Fall/GAT316/NeonPainter/Content/StarterContent/Materials/M_Rock_Slate.uasset" 616
"../../../../../../Users/Johng/OneDrive/Desktop/DigiPen/Senior/Fall/GAT316/NeonPainter/Content/StarterContent/Textures/T_Checker_Noise_M.uasset" 617
"../../../../../../Users/Johng/OneDrive/Desktop/DigiPen/Senior/Fall/GAT316/NeonPainter/Content/StarterContent/Textures/T_Single_Tile_N.uasset" 618
"../../../../../../Users/Johng/OneDrive/Desktop/DigiPen/Senior/Fall/GAT316/NeonPainter/Content/StarterContent/Textures/T_Tech_Dot_M.uasset" 619
"../../../../../../Users/Johng/OneDrive/Desktop/DigiPen/Senior/Fall/GAT316/NeonPainter/Content/StarterContent/Textures/T_Tech_Dot_N.uasset" 620
"../../../../../../Users/Johng/OneDrive/Desktop/DigiPen/Senior/Fall/GAT316/NeonPainter/Content/StarterContent/Materials/M_Tech_Checker_Dot.uasset" 621
"../../../../../../Users/Johng/OneDrive/Desktop/DigiPen/Senior/Fall/GAT316/NeonPainter/Content/StarterContent/Textures/T_Tech_Hex_Tile_M.uasset" 622
"../../../../../../Users/Johng/OneDrive/Desktop/DigiPen/Senior/Fall/GAT316/NeonPainter/Content/StarterContent/Textures/T_Tech_Hex_Tile_N.uasset" 623
"../../../../../../Users/Johng/OneDrive/Desktop/DigiPen/Senior/Fall/GAT316/NeonPainter/Content/StarterContent/Materials/M_Tech_Hex_Tile.uasset" 624
"../../../../../../Users/Johng/OneDrive/Desktop/DigiPen/Senior/Fall/GAT316/NeonPainter/Content/StarterContent/Materials/M_Tech_Hex_Tile_Pulse.uasset" 625
"../../../../../../Users/Johng/OneDrive/Desktop/DigiPen/Senior/Fall/GAT316/NeonPainter/Content/StarterContent/Textures/T_Tech_Panel_M.uasset" 626
"../../../../../../Users/Johng/OneDrive/Desktop/DigiPen/Senior/Fall/GAT316/NeonPainter/Content/StarterContent/Textures/T_Tech_Panel_N.uasset" 627
"../../../../../../Users/Johng/OneDrive/Desktop/DigiPen/Senior/Fall/GAT316/NeonPainter/Content/StarterContent/Materials/M_Tech_Panel.uasset" 628
"../../../../../../Users/Johng/OneDrive/Desktop/DigiPen/Senior/Fall/GAT316/NeonPainter/Content/StarterContent/Materials/M_Water_Lake.uasset" 629
"../../../../../../Users/Johng/OneDrive/Desktop/DigiPen/Senior/Fall/GAT316/NeonPainter/Content/StarterContent/Textures/T_Water_M.uasset" 630
"../../../../../../Users/Johng/OneDrive/Desktop/DigiPen/Senior/Fall/GAT316/NeonPainter/Content/StarterContent/Materials/M_Water_Ocean.uasset" 631
"../../../../../../Users/Johng/OneDrive/Desktop/DigiPen/Senior/Fall/GAT316/NeonPainter/Content/StarterContent/Textures/T_Wood_Floor_Walnut_D.uasset" 632
"../../../../../../Users/Johng/OneDrive/Desktop/DigiPen/Senior/Fall/GAT316/NeonPainter/Content/StarterContent/Textures/T_Wood_Floor_Walnut_M.uasset" 633
"../../../../../../Users/Johng/OneDrive/Desktop/DigiPen/Senior/Fall/GAT316/NeonPainter/Content/StarterContent/Textures/T_Wood_Floor_Walnut_N.uasset" 634
"../../../../../../Users/Johng/OneDrive/Desktop/DigiPen/Senior/Fall/GAT316/NeonPainter/Content/StarterContent/Materials/M_Wood_Floor_Walnut_Polished.uasset" 635
"../../../Engine/Content/Functions/Engine_MaterialFunctions01/Opacity/AlphaOffset.uasset" 636
"../../../../../../Users/Johng/OneDrive/Desktop/DigiPen/Senior/Fall/GAT316/NeonPainter/Content/StarterContent/Materials/M_Wood_Floor_Walnut_Worn.uasset" 637
"../../../../../../Users/Johng/OneDrive/Desktop/DigiPen/Senior/Fall/GAT316/NeonPainter/Content/StarterContent/Textures/T_Wood_Oak_D.uasset" 638
"../../../../../../Users/Johng/OneDrive/Desktop/DigiPen/Senior/Fall/GAT316/NeonPainter/Content/StarterContent/Textures/T_Wood_Oak_N.uasset" 639
"../../../../../../Users/Johng/OneDrive/Desktop/DigiPen/Senior/Fall/GAT316/NeonPainter/Content/StarterContent/Materials/M_Wood_Oak.uasset" 640
"../../../../../../Users/Johng/OneDrive/Desktop/DigiPen/Senior/Fall/GAT316/NeonPainter/Content/StarterContent/Textures/T_Wood_Pine_D.uasset" 641
"../../../../../../Users/Johng/OneDrive/Desktop/DigiPen/Senior/Fall/GAT316/NeonPainter/Content/StarterContent/Textures/T_Wood_Pine_N.uasset" 642
"../../../../../../Users/Johng/OneDrive/Desktop/DigiPen/Senior/Fall/GAT316/NeonPainter/Content/StarterContent/Materials/M_Wood_Pine.uasset" 643
"../../../../../../Users/Johng/OneDrive/Desktop/DigiPen/Senior/Fall/GAT316/NeonPainter/Content/StarterContent/Textures/T_Wood_Walnut_D.uasset" 644
"../../../../../../Users/Johng/OneDrive/Desktop/DigiPen/Senior/Fall/GAT316/NeonPainter/Content/StarterContent/Textures/T_Wood_Walnut_N.uasset" 645
"../../../../../../Users/Johng/OneDrive/Desktop/DigiPen/Senior/Fall/GAT316/NeonPainter/Content/StarterContent/Materials/M_Wood_Walnut.uasset" 646
"../../../../../../Users/Johng/OneDrive/Desktop/DigiPen/Senior/Fall/GAT316/NeonPainter/Content/StarterContent/Architecture/Wall_400x200.uasset" 647
"../../../../../../Users/Johng/OneDrive/Desktop/DigiPen/Senior/Fall/GAT316/NeonPainter/Content/StarterContent/Architecture/Wall_Door_400x300.uasset" 648
"../../../../../../Users/Johng/OneDrive/Desktop/DigiPen/Senior/Fall/GAT316/NeonPainter/Content/StarterContent/Architecture/Wall_Window_400x300.uasset" 649
"../../../../../../Users/Johng/OneDrive/Desktop/DigiPen/Senior/Fall/GAT316/NeonPainter/Content/StarterContent/Audio/Collapse_Cue.uasset" 650
"../../../../../../Users/Johng/OneDrive/Desktop/DigiPen/Senior/Fall/GAT316/NeonPainter/Content/StarterContent/Audio/Starter_Music_Cue.uasset" 651
"../../../../../../Users/Johng/OneDrive/Desktop/DigiPen/Senior/Fall/GAT316/NeonPainter/Content/StarterContent/Textures/T_Dust_Particle_D.uasset" 652
"../../../../../../Users/Johng/OneDrive/Desktop/DigiPen/Senior/Fall/GAT316/NeonPainter/Content/StarterContent/Particles/Materials/M_Dust_Particle.uasset" 653
"../../../../../../Users/Johng/OneDrive/Desktop/DigiPen/Senior/Fall/GAT316/NeonPainter/Content/StarterContent/Particles/P_Ambient_Dust.uasset" 654
"../../../../../../Users/Johng/OneDrive/Desktop/DigiPen/Senior/Fall/GAT316/NeonPainter/Content/StarterContent/Props/MaterialSphere.uasset" 655
"../../../../../../Users/Johng/OneDrive/Desktop/DigiPen/Senior/Fall/GAT316/NeonPainter/Content/StarterContent/Textures/T_Frame_M.uasset" 656
"../../../../../../Users/Johng/OneDrive/Desktop/DigiPen/Senior/Fall/GAT316/NeonPainter/Content/StarterContent/Textures/T_Frame_N.uasset" 657
"../../../../../../Users/Johng/OneDrive/Desktop/DigiPen/Senior/Fall/GAT316/NeonPainter/Content/StarterContent/Props/Materials/M_Frame.uasset" 658
"../../../../../../Users/Johng/OneDrive/Desktop/DigiPen/Senior/Fall/GAT316/NeonPainter/Content/StarterContent/Props/SM_CornerFrame.uasset" 659
"../../../../../../Users/Johng/OneDrive/Desktop/DigiPen/Senior/Fall/GAT316/NeonPainter/Content/StarterContent/Props/SM_DoorFrame.uasset" 660
"../../../../../../Users/Johng/OneDrive/Desktop/DigiPen/Senior/Fall/GAT316/NeonPainter/Content/StarterContent/Props/SM_GlassWindow.uasset" 661
"../../../../../../Users/Johng/OneDrive/Desktop/DigiPen/Senior/Fall/GAT316/NeonPainter/Content/StarterContent/Props/SM_PillarFrame.uasset" 662
"../../../../../../Users/Johng/OneDrive/Desktop/DigiPen/Senior/Fall/GAT316/NeonPainter/Content/StarterContent/Props/SM_PillarFrame300.uasset" 663
"../../../../../../Users/Johng/OneDrive/Desktop/DigiPen/Senior/Fall/GAT316/NeonPainter/Content/StarterContent/Props/SM_WindowFrame.uasset" 664
"../../../../../../Users/Johng/OneDrive/Desktop/DigiPen/Senior/Fall/GAT316/NeonPainter/Content/StarterContent/Shapes/Shape_Cube.uasset" 665
"../../../../../../Users/Johng/OneDrive/Desktop/DigiPen/Senior/Fall/GAT316/NeonPainter/Content/StarterContent/Shapes/Shape_QuadPyramid.uasset" 666
"../../../../../../Users/Johng/OneDrive/Desktop/DigiPen/Senior/Fall/GAT316/NeonPainter/Content/StarterContent/Shapes/Shape_Sphere.uasset" 667
"../../../../../../Users/Johng/OneDrive/Desktop/DigiPen/Senior/Fall/GAT316/NeonPainter/Content/StarterContent/Maps/StarterMap.umap" 668
"../../../Engine/Content/Maps/Entry_BuiltData.uasset" 669
"../../../Engine/Content/Maps/Entry.umap" 670
